time  0 sec :::RANK 0 ::: >>> Preparing data..
time  0 sec :::RANK 4 ::: >>> Preparing data..
time  0 sec :::RANK 2 ::: >>> Preparing data..
time  3 sec :::RANK 0 ::: >>> Building model..
time  3 sec :::RANK 0 ::: >>> Epoch: 0
time  0 sec :::RANK 1 ::: >>> Preparing data..
time  4 sec :::RANK 4 ::: >>> Building model..
time  4 sec :::RANK 4 ::: >>> Epoch: 0
time  5 sec :::RANK 2 ::: >>> Building model..
time  5 sec :::RANK 2 ::: >>> Epoch: 0
time  6 sec :::RANK 1 ::: >>> Building model..
time  6 sec :::RANK 1 ::: >>> Epoch: 0
time  0 sec :::RANK 3 ::: >>> Preparing data..
time  10 sec :::RANK 3 ::: >>> Building model..
time  10 sec :::RANK 3 ::: >>> Epoch: 0
time  10 sec :::RANK 3 ::: TRAIN -- epoch: 0 -- batch_index: 0 -- total: 78 -- loss: 2.345107316970825 -- loss-avg: 2.345107316970825 -- accuracy: 0
time  10 sec :::RANK 4 ::: TRAIN -- epoch: 0 -- batch_index: 0 -- total: 78 -- loss: 2.304211378097534 -- loss-avg: 2.304211378097534 -- accuracy: 0
time  10 sec :::RANK 2 ::: TRAIN -- epoch: 0 -- batch_index: 0 -- total: 78 -- loss: 2.2824647426605225 -- loss-avg: 2.2824647426605225 -- accuracy: 1
time  10 sec :::RANK 1 ::: TRAIN -- epoch: 0 -- batch_index: 0 -- total: 78 -- loss: 2.2510950565338135 -- loss-avg: 2.2510950565338135 -- accuracy: 0
time  12 sec :::RANK 1 ::: TRAIN -- epoch: 0 -- batch_index: 1 -- total: 78 -- loss: 2.3008453845977783 -- loss-avg: 2.275970220565796 -- accuracy: 0
time  12 sec :::RANK 3 ::: TRAIN -- epoch: 0 -- batch_index: 1 -- total: 78 -- loss: 2.288931131362915 -- loss-avg: 2.31701922416687 -- accuracy: 0
time  12 sec :::RANK 2 ::: TRAIN -- epoch: 0 -- batch_index: 1 -- total: 78 -- loss: 2.3011474609375 -- loss-avg: 2.291806221008301 -- accuracy: 0
time  12 sec :::RANK 4 ::: TRAIN -- epoch: 0 -- batch_index: 1 -- total: 78 -- loss: 2.2759954929351807 -- loss-avg: 2.2901034355163574 -- accuracy: 27
time  15 sec :::RANK 2 ::: TRAIN -- epoch: 0 -- batch_index: 2 -- total: 78 -- loss: 2.30094313621521 -- loss-avg: 2.2948520183563232 -- accuracy: 0
time  15 sec :::RANK 4 ::: TRAIN -- epoch: 0 -- batch_index: 2 -- total: 78 -- loss: 2.280313491821289 -- loss-avg: 2.2868402004241943 -- accuracy: 33
time  15 sec :::RANK 3 ::: TRAIN -- epoch: 0 -- batch_index: 2 -- total: 78 -- loss: 2.295337438583374 -- loss-avg: 2.3097918033599854 -- accuracy: 0
time  15 sec :::RANK 1 ::: TRAIN -- epoch: 0 -- batch_index: 2 -- total: 78 -- loss: 2.3011298179626465 -- loss-avg: 2.2843568325042725 -- accuracy: 0
time  16 sec :::RANK 1 ::: TRAIN -- epoch: 0 -- batch_index: 3 -- total: 78 -- loss: 2.301685333251953 -- loss-avg: 2.288688898086548 -- accuracy: 0
time  16 sec :::RANK 2 ::: TRAIN -- epoch: 0 -- batch_index: 3 -- total: 78 -- loss: 2.299729824066162 -- loss-avg: 2.2960715293884277 -- accuracy: 0
time  16 sec :::RANK 3 ::: TRAIN -- epoch: 0 -- batch_index: 3 -- total: 78 -- loss: 2.2891147136688232 -- loss-avg: 2.3046226501464844 -- accuracy: 0
time  16 sec :::RANK 4 ::: TRAIN -- epoch: 0 -- batch_index: 3 -- total: 78 -- loss: 2.2762625217437744 -- loss-avg: 2.2841956615448 -- accuracy: 38
time  20 sec :::RANK 1 ::: TRAIN -- epoch: 0 -- batch_index: 4 -- total: 78 -- loss: 2.2971158027648926 -- loss-avg: 2.290374279022217 -- accuracy: 0
time  20 sec :::RANK 4 ::: TRAIN -- epoch: 0 -- batch_index: 4 -- total: 78 -- loss: 2.2745285034179688 -- loss-avg: 2.2822623252868652 -- accuracy: 40
time  20 sec :::RANK 3 ::: TRAIN -- epoch: 0 -- batch_index: 4 -- total: 78 -- loss: 2.2896838188171387 -- loss-avg: 2.3016350269317627 -- accuracy: 0
time  20 sec :::RANK 2 ::: TRAIN -- epoch: 0 -- batch_index: 4 -- total: 78 -- loss: 2.2996256351470947 -- loss-avg: 2.2967822551727295 -- accuracy: 0
time  23 sec :::RANK 2 ::: TRAIN -- epoch: 0 -- batch_index: 5 -- total: 78 -- loss: 2.297100067138672 -- loss-avg: 2.29683518409729 -- accuracy: 0
time  23 sec :::RANK 3 ::: TRAIN -- epoch: 0 -- batch_index: 5 -- total: 78 -- loss: 2.288949728012085 -- loss-avg: 2.29952073097229 -- accuracy: 0
time  23 sec :::RANK 4 ::: TRAIN -- epoch: 0 -- batch_index: 5 -- total: 78 -- loss: 2.2760040760040283 -- loss-avg: 2.281219244003296 -- accuracy: 41
time  23 sec :::RANK 1 ::: TRAIN -- epoch: 0 -- batch_index: 5 -- total: 78 -- loss: 2.29644513130188 -- loss-avg: 2.291386127471924 -- accuracy: 0
time  24 sec :::RANK 1 ::: TRAIN -- epoch: 0 -- batch_index: 6 -- total: 78 -- loss: 2.2940115928649902 -- loss-avg: 2.2917611598968506 -- accuracy: 0
time  24 sec :::RANK 2 ::: TRAIN -- epoch: 0 -- batch_index: 6 -- total: 78 -- loss: 2.2949421405792236 -- loss-avg: 2.296564817428589 -- accuracy: 0
time  24 sec :::RANK 3 ::: TRAIN -- epoch: 0 -- batch_index: 6 -- total: 78 -- loss: 2.285465717315674 -- loss-avg: 2.2975127696990967 -- accuracy: 0
time  24 sec :::RANK 4 ::: TRAIN -- epoch: 0 -- batch_index: 6 -- total: 78 -- loss: 2.272582530975342 -- loss-avg: 2.2799854278564453 -- accuracy: 43
time  27 sec :::RANK 4 ::: TRAIN -- epoch: 0 -- batch_index: 7 -- total: 78 -- loss: 2.2694051265716553 -- loss-avg: 2.278662919998169 -- accuracy: 44
time  27 sec :::RANK 1 ::: TRAIN -- epoch: 0 -- batch_index: 7 -- total: 78 -- loss: 2.2930924892425537 -- loss-avg: 2.2919275760650635 -- accuracy: 0
time  27 sec :::RANK 2 ::: TRAIN -- epoch: 0 -- batch_index: 7 -- total: 78 -- loss: 2.295260429382324 -- loss-avg: 2.2964019775390625 -- accuracy: 0
time  27 sec :::RANK 3 ::: TRAIN -- epoch: 0 -- batch_index: 7 -- total: 78 -- loss: 2.2800419330596924 -- loss-avg: 2.2953290939331055 -- accuracy: 0
time  35 sec :::RANK 3 ::: TRAIN -- epoch: 0 -- batch_index: 8 -- total: 78 -- loss: 2.284213066101074 -- loss-avg: 2.2940940856933594 -- accuracy: 0
time  35 sec :::RANK 2 ::: TRAIN -- epoch: 0 -- batch_index: 8 -- total: 78 -- loss: 2.2931294441223145 -- loss-avg: 2.2960383892059326 -- accuracy: 0
time  35 sec :::RANK 1 ::: TRAIN -- epoch: 0 -- batch_index: 8 -- total: 78 -- loss: 2.292711019515991 -- loss-avg: 2.2920145988464355 -- accuracy: 0
time  35 sec :::RANK 4 ::: TRAIN -- epoch: 0 -- batch_index: 8 -- total: 78 -- loss: 2.270838499069214 -- loss-avg: 2.2777934074401855 -- accuracy: 45
time  36 sec :::RANK 2 ::: TRAIN -- epoch: 0 -- batch_index: 9 -- total: 78 -- loss: 2.2926278114318848 -- loss-avg: 2.2956972122192383 -- accuracy: 0
time  36 sec :::RANK 4 ::: TRAIN -- epoch: 0 -- batch_index: 9 -- total: 78 -- loss: 2.2740094661712646 -- loss-avg: 2.2774150371551514 -- accuracy: 45
time  36 sec :::RANK 3 ::: TRAIN -- epoch: 0 -- batch_index: 9 -- total: 78 -- loss: 2.2807488441467285 -- loss-avg: 2.292759418487549 -- accuracy: 0
time  36 sec :::RANK 1 ::: TRAIN -- epoch: 0 -- batch_index: 9 -- total: 78 -- loss: 2.2907772064208984 -- loss-avg: 2.291890859603882 -- accuracy: 0
time  39 sec :::RANK 4 ::: TRAIN -- epoch: 0 -- batch_index: 10 -- total: 78 -- loss: 2.269690752029419 -- loss-avg: 2.2767128944396973 -- accuracy: 45
time  39 sec :::RANK 3 ::: TRAIN -- epoch: 0 -- batch_index: 10 -- total: 78 -- loss: 2.2825255393981934 -- loss-avg: 2.2918291091918945 -- accuracy: 0
time  39 sec :::RANK 2 ::: TRAIN -- epoch: 0 -- batch_index: 10 -- total: 78 -- loss: 2.2913365364074707 -- loss-avg: 2.2953007221221924 -- accuracy: 0
time  39 sec :::RANK 1 ::: TRAIN -- epoch: 0 -- batch_index: 10 -- total: 78 -- loss: 2.291377067565918 -- loss-avg: 2.291844129562378 -- accuracy: 0
time  42 sec :::RANK 2 ::: TRAIN -- epoch: 0 -- batch_index: 11 -- total: 78 -- loss: 2.2900123596191406 -- loss-avg: 2.2948601245880127 -- accuracy: 0
time  42 sec :::RANK 3 ::: TRAIN -- epoch: 0 -- batch_index: 11 -- total: 78 -- loss: 2.2872543334960938 -- loss-avg: 2.291447877883911 -- accuracy: 0
time  42 sec :::RANK 1 ::: TRAIN -- epoch: 0 -- batch_index: 11 -- total: 78 -- loss: 2.290172576904297 -- loss-avg: 2.2917048931121826 -- accuracy: 0
time  42 sec :::RANK 4 ::: TRAIN -- epoch: 0 -- batch_index: 11 -- total: 78 -- loss: 2.263838529586792 -- loss-avg: 2.2756400108337402 -- accuracy: 46
time  50 sec :::RANK 4 ::: TRAIN -- epoch: 0 -- batch_index: 12 -- total: 78 -- loss: 2.2672863006591797 -- loss-avg: 2.2749974727630615 -- accuracy: 46
time  50 sec :::RANK 3 ::: TRAIN -- epoch: 0 -- batch_index: 12 -- total: 78 -- loss: 2.2801339626312256 -- loss-avg: 2.2905776500701904 -- accuracy: 0
time  50 sec :::RANK 1 ::: TRAIN -- epoch: 0 -- batch_index: 12 -- total: 78 -- loss: 2.288728713989258 -- loss-avg: 2.291475772857666 -- accuracy: 0
time  50 sec :::RANK 2 ::: TRAIN -- epoch: 0 -- batch_index: 12 -- total: 78 -- loss: 2.2880799770355225 -- loss-avg: 2.2943384647369385 -- accuracy: 0
time  51 sec :::RANK 3 ::: TRAIN -- epoch: 0 -- batch_index: 13 -- total: 78 -- loss: 2.2768454551696777 -- loss-avg: 2.2895967960357666 -- accuracy: 0
time  51 sec :::RANK 1 ::: TRAIN -- epoch: 0 -- batch_index: 13 -- total: 78 -- loss: 2.2870519161224365 -- loss-avg: 2.2911598682403564 -- accuracy: 0
time  51 sec :::RANK 2 ::: TRAIN -- epoch: 0 -- batch_index: 13 -- total: 78 -- loss: 2.2874820232391357 -- loss-avg: 2.293848752975464 -- accuracy: 0
time  51 sec :::RANK 4 ::: TRAIN -- epoch: 0 -- batch_index: 13 -- total: 78 -- loss: 2.267300844192505 -- loss-avg: 2.2744476795196533 -- accuracy: 46
time  58 sec :::RANK 4 ::: TRAIN -- epoch: 0 -- batch_index: 14 -- total: 78 -- loss: 2.271615982055664 -- loss-avg: 2.274258852005005 -- accuracy: 45
time  58 sec :::RANK 1 ::: TRAIN -- epoch: 0 -- batch_index: 14 -- total: 78 -- loss: 2.2857232093811035 -- loss-avg: 2.290797472000122 -- accuracy: 0
time  58 sec :::RANK 3 ::: TRAIN -- epoch: 0 -- batch_index: 14 -- total: 78 -- loss: 2.2785539627075195 -- loss-avg: 2.288860559463501 -- accuracy: 0
time  58 sec :::RANK 2 ::: TRAIN -- epoch: 0 -- batch_index: 14 -- total: 78 -- loss: 2.287290096282959 -- loss-avg: 2.2934114933013916 -- accuracy: 0
time  59 sec :::RANK 2 ::: TRAIN -- epoch: 0 -- batch_index: 15 -- total: 78 -- loss: 2.2844350337982178 -- loss-avg: 2.2928504943847656 -- accuracy: 0
time  59 sec :::RANK 4 ::: TRAIN -- epoch: 0 -- batch_index: 15 -- total: 78 -- loss: 2.2663066387176514 -- loss-avg: 2.2737619876861572 -- accuracy: 45
time  59 sec :::RANK 1 ::: TRAIN -- epoch: 0 -- batch_index: 15 -- total: 78 -- loss: 2.2856369018554688 -- loss-avg: 2.2904748916625977 -- accuracy: 0
time  59 sec :::RANK 3 ::: TRAIN -- epoch: 0 -- batch_index: 15 -- total: 78 -- loss: 2.278446674346924 -- loss-avg: 2.2882096767425537 -- accuracy: 0
time  63 sec :::RANK 2 ::: TRAIN -- epoch: 0 -- batch_index: 16 -- total: 78 -- loss: 2.2848496437072754 -- loss-avg: 2.292379856109619 -- accuracy: 0
time  63 sec :::RANK 3 ::: TRAIN -- epoch: 0 -- batch_index: 16 -- total: 78 -- loss: 2.273599147796631 -- loss-avg: 2.2873501777648926 -- accuracy: 0
time  63 sec :::RANK 1 ::: TRAIN -- epoch: 0 -- batch_index: 16 -- total: 78 -- loss: 2.2835237979888916 -- loss-avg: 2.2900660037994385 -- accuracy: 0
time  63 sec :::RANK 4 ::: TRAIN -- epoch: 0 -- batch_index: 16 -- total: 78 -- loss: 2.2595927715301514 -- loss-avg: 2.272928476333618 -- accuracy: 46
time  66 sec :::RANK 4 ::: TRAIN -- epoch: 0 -- batch_index: 17 -- total: 78 -- loss: 2.261734962463379 -- loss-avg: 2.2723066806793213 -- accuracy: 46
time  66 sec :::RANK 2 ::: TRAIN -- epoch: 0 -- batch_index: 17 -- total: 78 -- loss: 2.283193826675415 -- loss-avg: 2.291869640350342 -- accuracy: 0
time  66 sec :::RANK 1 ::: TRAIN -- epoch: 0 -- batch_index: 17 -- total: 78 -- loss: 2.282485008239746 -- loss-avg: 2.289644956588745 -- accuracy: 0
time  66 sec :::RANK 3 ::: TRAIN -- epoch: 0 -- batch_index: 17 -- total: 78 -- loss: 2.274097204208374 -- loss-avg: 2.286613941192627 -- accuracy: 0
time  69 sec :::RANK 3 ::: TRAIN -- epoch: 0 -- batch_index: 18 -- total: 78 -- loss: 2.2703070640563965 -- loss-avg: 2.2857556343078613 -- accuracy: 0
time  69 sec :::RANK 4 ::: TRAIN -- epoch: 0 -- batch_index: 18 -- total: 78 -- loss: 2.257084846496582 -- loss-avg: 2.271505355834961 -- accuracy: 46
time  69 sec :::RANK 1 ::: TRAIN -- epoch: 0 -- batch_index: 18 -- total: 78 -- loss: 2.280963897705078 -- loss-avg: 2.2891879081726074 -- accuracy: 0
time  69 sec :::RANK 2 ::: TRAIN -- epoch: 0 -- batch_index: 18 -- total: 78 -- loss: 2.2814600467681885 -- loss-avg: 2.2913217544555664 -- accuracy: 0
time  73 sec :::RANK 2 ::: TRAIN -- epoch: 0 -- batch_index: 19 -- total: 78 -- loss: 2.280310869216919 -- loss-avg: 2.290771245956421 -- accuracy: 0
time  73 sec :::RANK 1 ::: TRAIN -- epoch: 0 -- batch_index: 19 -- total: 78 -- loss: 2.281841278076172 -- loss-avg: 2.288820743560791 -- accuracy: 0
time  73 sec :::RANK 3 ::: TRAIN -- epoch: 0 -- batch_index: 19 -- total: 78 -- loss: 2.26776123046875 -- loss-avg: 2.284855842590332 -- accuracy: 0
time  73 sec :::RANK 4 ::: TRAIN -- epoch: 0 -- batch_index: 19 -- total: 78 -- loss: 2.2578201293945312 -- loss-avg: 2.2708210945129395 -- accuracy: 47
time  76 sec :::RANK 2 ::: TRAIN -- epoch: 0 -- batch_index: 20 -- total: 78 -- loss: 2.27970290184021 -- loss-avg: 2.2902441024780273 -- accuracy: 0
time  76 sec :::RANK 1 ::: TRAIN -- epoch: 0 -- batch_index: 20 -- total: 78 -- loss: 2.2793679237365723 -- loss-avg: 2.2883706092834473 -- accuracy: 0
time  76 sec :::RANK 4 ::: TRAIN -- epoch: 0 -- batch_index: 20 -- total: 78 -- loss: 2.259049654006958 -- loss-avg: 2.2702605724334717 -- accuracy: 47
time  76 sec :::RANK 3 ::: TRAIN -- epoch: 0 -- batch_index: 20 -- total: 78 -- loss: 2.262869119644165 -- loss-avg: 2.283808946609497 -- accuracy: 0
time  83 sec :::RANK 3 ::: TRAIN -- epoch: 0 -- batch_index: 21 -- total: 78 -- loss: 2.270376443862915 -- loss-avg: 2.283198356628418 -- accuracy: 0
time  83 sec :::RANK 1 ::: TRAIN -- epoch: 0 -- batch_index: 21 -- total: 78 -- loss: 2.2777562141418457 -- loss-avg: 2.2878880500793457 -- accuracy: 0
time  83 sec :::RANK 4 ::: TRAIN -- epoch: 0 -- batch_index: 21 -- total: 78 -- loss: 2.254789352416992 -- loss-avg: 2.269557237625122 -- accuracy: 47
time  83 sec :::RANK 2 ::: TRAIN -- epoch: 0 -- batch_index: 21 -- total: 78 -- loss: 2.2791597843170166 -- loss-avg: 2.2897403240203857 -- accuracy: 0
time  86 sec :::RANK 2 ::: TRAIN -- epoch: 0 -- batch_index: 22 -- total: 78 -- loss: 2.277571201324463 -- loss-avg: 2.2892112731933594 -- accuracy: 0
time  86 sec :::RANK 3 ::: TRAIN -- epoch: 0 -- batch_index: 22 -- total: 78 -- loss: 2.2720932960510254 -- loss-avg: 2.2827155590057373 -- accuracy: 0
time  86 sec :::RANK 1 ::: TRAIN -- epoch: 0 -- batch_index: 22 -- total: 78 -- loss: 2.277517318725586 -- loss-avg: 2.2874372005462646 -- accuracy: 0
time  86 sec :::RANK 4 ::: TRAIN -- epoch: 0 -- batch_index: 22 -- total: 78 -- loss: 2.2566802501678467 -- loss-avg: 2.2689974308013916 -- accuracy: 47
time  89 sec :::RANK 2 ::: TRAIN -- epoch: 0 -- batch_index: 23 -- total: 78 -- loss: 2.2757296562194824 -- loss-avg: 2.288649559020996 -- accuracy: 0
time  89 sec :::RANK 3 ::: TRAIN -- epoch: 0 -- batch_index: 23 -- total: 78 -- loss: 2.265666961669922 -- loss-avg: 2.2820053100585938 -- accuracy: 0
time  89 sec :::RANK 1 ::: TRAIN -- epoch: 0 -- batch_index: 23 -- total: 78 -- loss: 2.2775535583496094 -- loss-avg: 2.287025213241577 -- accuracy: 0
time  89 sec :::RANK 4 ::: TRAIN -- epoch: 0 -- batch_index: 23 -- total: 78 -- loss: 2.2559590339660645 -- loss-avg: 2.268454074859619 -- accuracy: 47
time  91 sec :::RANK 2 ::: TRAIN -- epoch: 0 -- batch_index: 24 -- total: 78 -- loss: 2.276543617248535 -- loss-avg: 2.288165330886841 -- accuracy: 0
time  91 sec :::RANK 3 ::: TRAIN -- epoch: 0 -- batch_index: 24 -- total: 78 -- loss: 2.267245054244995 -- loss-avg: 2.2814149856567383 -- accuracy: 0
time  91 sec :::RANK 4 ::: TRAIN -- epoch: 0 -- batch_index: 24 -- total: 78 -- loss: 2.255941152572632 -- loss-avg: 2.267953395843506 -- accuracy: 47
time  91 sec :::RANK 1 ::: TRAIN -- epoch: 0 -- batch_index: 24 -- total: 78 -- loss: 2.2749040126800537 -- loss-avg: 2.2865402698516846 -- accuracy: 0
time  92 sec :::RANK 1 ::: TRAIN -- epoch: 0 -- batch_index: 25 -- total: 78 -- loss: 2.276348352432251 -- loss-avg: 2.2861483097076416 -- accuracy: 0
time  92 sec :::RANK 4 ::: TRAIN -- epoch: 0 -- batch_index: 25 -- total: 78 -- loss: 2.2505526542663574 -- loss-avg: 2.2672841548919678 -- accuracy: 47
time  92 sec :::RANK 3 ::: TRAIN -- epoch: 0 -- batch_index: 25 -- total: 78 -- loss: 2.2636642456054688 -- loss-avg: 2.2807321548461914 -- accuracy: 0
time  92 sec :::RANK 2 ::: TRAIN -- epoch: 0 -- batch_index: 25 -- total: 78 -- loss: 2.275428295135498 -- loss-avg: 2.287675380706787 -- accuracy: 0
time  95 sec :::RANK 2 ::: TRAIN -- epoch: 0 -- batch_index: 26 -- total: 78 -- loss: 2.273297071456909 -- loss-avg: 2.287142753601074 -- accuracy: 0
time  95 sec :::RANK 1 ::: TRAIN -- epoch: 0 -- batch_index: 26 -- total: 78 -- loss: 2.2738611698150635 -- loss-avg: 2.2856931686401367 -- accuracy: 0
time  95 sec :::RANK 4 ::: TRAIN -- epoch: 0 -- batch_index: 26 -- total: 78 -- loss: 2.250450372695923 -- loss-avg: 2.266660690307617 -- accuracy: 47
time  95 sec :::RANK 3 ::: TRAIN -- epoch: 0 -- batch_index: 26 -- total: 78 -- loss: 2.2626302242279053 -- loss-avg: 2.280061721801758 -- accuracy: 0
time  99 sec :::RANK 3 ::: TRAIN -- epoch: 0 -- batch_index: 27 -- total: 78 -- loss: 2.2590484619140625 -- loss-avg: 2.279311418533325 -- accuracy: 0
time  99 sec :::RANK 1 ::: TRAIN -- epoch: 0 -- batch_index: 27 -- total: 78 -- loss: 2.274024724960327 -- loss-avg: 2.2852766513824463 -- accuracy: 0
time  99 sec :::RANK 4 ::: TRAIN -- epoch: 0 -- batch_index: 27 -- total: 78 -- loss: 2.2519853115081787 -- loss-avg: 2.266136646270752 -- accuracy: 47
time  99 sec :::RANK 2 ::: TRAIN -- epoch: 0 -- batch_index: 27 -- total: 78 -- loss: 2.2720272541046143 -- loss-avg: 2.2866032123565674 -- accuracy: 0
time  106 sec :::RANK 2 ::: TRAIN -- epoch: 0 -- batch_index: 28 -- total: 78 -- loss: 2.271876811981201 -- loss-avg: 2.286095142364502 -- accuracy: 0
time  106 sec :::RANK 4 ::: TRAIN -- epoch: 0 -- batch_index: 28 -- total: 78 -- loss: 2.2500908374786377 -- loss-avg: 2.2655832767486572 -- accuracy: 47
time  106 sec :::RANK 1 ::: TRAIN -- epoch: 0 -- batch_index: 28 -- total: 78 -- loss: 2.2710142135620117 -- loss-avg: 2.2847847938537598 -- accuracy: 0
time  106 sec :::RANK 3 ::: TRAIN -- epoch: 0 -- batch_index: 28 -- total: 78 -- loss: 2.258530855178833 -- loss-avg: 2.278594732284546 -- accuracy: 0
time  113 sec :::RANK 4 ::: TRAIN -- epoch: 0 -- batch_index: 29 -- total: 78 -- loss: 2.250885009765625 -- loss-avg: 2.2650933265686035 -- accuracy: 47
time  113 sec :::RANK 3 ::: TRAIN -- epoch: 0 -- batch_index: 29 -- total: 78 -- loss: 2.259746789932251 -- loss-avg: 2.2779664993286133 -- accuracy: 0
time  113 sec :::RANK 2 ::: TRAIN -- epoch: 0 -- batch_index: 29 -- total: 78 -- loss: 2.2704434394836426 -- loss-avg: 2.2855734825134277 -- accuracy: 0
time  113 sec :::RANK 1 ::: TRAIN -- epoch: 0 -- batch_index: 29 -- total: 78 -- loss: 2.270376682281494 -- loss-avg: 2.284304618835449 -- accuracy: 0
time  117 sec :::RANK 3 ::: TRAIN -- epoch: 0 -- batch_index: 30 -- total: 78 -- loss: 2.260810136795044 -- loss-avg: 2.2774131298065186 -- accuracy: 0
time  117 sec :::RANK 1 ::: TRAIN -- epoch: 0 -- batch_index: 30 -- total: 78 -- loss: 2.2701363563537598 -- loss-avg: 2.2838473320007324 -- accuracy: 0
time  117 sec :::RANK 2 ::: TRAIN -- epoch: 0 -- batch_index: 30 -- total: 78 -- loss: 2.2694272994995117 -- loss-avg: 2.285052537918091 -- accuracy: 0
time  117 sec :::RANK 4 ::: TRAIN -- epoch: 0 -- batch_index: 30 -- total: 78 -- loss: 2.2457125186920166 -- loss-avg: 2.26446795463562 -- accuracy: 47
time  120 sec :::RANK 4 ::: TRAIN -- epoch: 0 -- batch_index: 31 -- total: 78 -- loss: 2.247342348098755 -- loss-avg: 2.263932943344116 -- accuracy: 47
time  120 sec :::RANK 3 ::: TRAIN -- epoch: 0 -- batch_index: 31 -- total: 78 -- loss: 2.2604784965515137 -- loss-avg: 2.276883840560913 -- accuracy: 0
time  120 sec :::RANK 1 ::: TRAIN -- epoch: 0 -- batch_index: 31 -- total: 78 -- loss: 2.2689220905303955 -- loss-avg: 2.2833809852600098 -- accuracy: 0
time  120 sec :::RANK 2 ::: TRAIN -- epoch: 0 -- batch_index: 31 -- total: 78 -- loss: 2.268293857574463 -- loss-avg: 2.284528970718384 -- accuracy: 0
time  123 sec :::RANK 3 ::: TRAIN -- epoch: 0 -- batch_index: 32 -- total: 78 -- loss: 2.254181385040283 -- loss-avg: 2.276195764541626 -- accuracy: 0
time  123 sec :::RANK 1 ::: TRAIN -- epoch: 0 -- batch_index: 32 -- total: 78 -- loss: 2.267855167388916 -- loss-avg: 2.2829103469848633 -- accuracy: 0
time  123 sec :::RANK 2 ::: TRAIN -- epoch: 0 -- batch_index: 32 -- total: 78 -- loss: 2.2672340869903564 -- loss-avg: 2.2840049266815186 -- accuracy: 0
time  123 sec :::RANK 4 ::: TRAIN -- epoch: 0 -- batch_index: 32 -- total: 78 -- loss: 2.2453572750091553 -- loss-avg: 2.2633700370788574 -- accuracy: 48
time  130 sec :::RANK 4 ::: TRAIN -- epoch: 0 -- batch_index: 33 -- total: 78 -- loss: 2.2463653087615967 -- loss-avg: 2.2628698348999023 -- accuracy: 48
time  130 sec :::RANK 1 ::: TRAIN -- epoch: 0 -- batch_index: 33 -- total: 78 -- loss: 2.2653768062591553 -- loss-avg: 2.2823946475982666 -- accuracy: 0
time  130 sec :::RANK 2 ::: TRAIN -- epoch: 0 -- batch_index: 33 -- total: 78 -- loss: 2.2662670612335205 -- loss-avg: 2.2834832668304443 -- accuracy: 0
time  130 sec :::RANK 3 ::: TRAIN -- epoch: 0 -- batch_index: 33 -- total: 78 -- loss: 2.257997989654541 -- loss-avg: 2.275660514831543 -- accuracy: 0
time  134 sec :::RANK 3 ::: TRAIN -- epoch: 0 -- batch_index: 34 -- total: 78 -- loss: 2.2580833435058594 -- loss-avg: 2.275158166885376 -- accuracy: 0
time  134 sec :::RANK 4 ::: TRAIN -- epoch: 0 -- batch_index: 34 -- total: 78 -- loss: 2.244964599609375 -- loss-avg: 2.2623584270477295 -- accuracy: 48
time  134 sec :::RANK 2 ::: TRAIN -- epoch: 0 -- batch_index: 34 -- total: 78 -- loss: 2.2663769721984863 -- loss-avg: 2.282994508743286 -- accuracy: 0
time  134 sec :::RANK 1 ::: TRAIN -- epoch: 0 -- batch_index: 34 -- total: 78 -- loss: 2.2653119564056396 -- loss-avg: 2.2819066047668457 -- accuracy: 0
time  137 sec :::RANK 1 ::: TRAIN -- epoch: 0 -- batch_index: 35 -- total: 78 -- loss: 2.2651102542877197 -- loss-avg: 2.281440019607544 -- accuracy: 0
time  137 sec :::RANK 4 ::: TRAIN -- epoch: 0 -- batch_index: 35 -- total: 78 -- loss: 2.245720386505127 -- loss-avg: 2.2618961334228516 -- accuracy: 48
time  137 sec :::RANK 3 ::: TRAIN -- epoch: 0 -- batch_index: 35 -- total: 78 -- loss: 2.2529847621917725 -- loss-avg: 2.2745423316955566 -- accuracy: 0
time  137 sec :::RANK 2 ::: TRAIN -- epoch: 0 -- batch_index: 35 -- total: 78 -- loss: 2.2653887271881104 -- loss-avg: 2.282505512237549 -- accuracy: 0
time  140 sec :::RANK 1 ::: TRAIN -- epoch: 0 -- batch_index: 36 -- total: 78 -- loss: 2.2639806270599365 -- loss-avg: 2.280968189239502 -- accuracy: 0
time  140 sec :::RANK 2 ::: TRAIN -- epoch: 0 -- batch_index: 36 -- total: 78 -- loss: 2.2638957500457764 -- loss-avg: 2.2820024490356445 -- accuracy: 0
time  140 sec :::RANK 3 ::: TRAIN -- epoch: 0 -- batch_index: 36 -- total: 78 -- loss: 2.2520601749420166 -- loss-avg: 2.2739346027374268 -- accuracy: 0
time  140 sec :::RANK 4 ::: TRAIN -- epoch: 0 -- batch_index: 36 -- total: 78 -- loss: 2.2407126426696777 -- loss-avg: 2.2613236904144287 -- accuracy: 48
time  142 sec :::RANK 3 ::: TRAIN -- epoch: 0 -- batch_index: 37 -- total: 78 -- loss: 2.249070882797241 -- loss-avg: 2.273280382156372 -- accuracy: 0
time  142 sec :::RANK 1 ::: TRAIN -- epoch: 0 -- batch_index: 37 -- total: 78 -- loss: 2.2624905109405518 -- loss-avg: 2.2804818153381348 -- accuracy: 0
time  142 sec :::RANK 2 ::: TRAIN -- epoch: 0 -- batch_index: 37 -- total: 78 -- loss: 2.2619268894195557 -- loss-avg: 2.2814741134643555 -- accuracy: 0
time  142 sec :::RANK 4 ::: TRAIN -- epoch: 0 -- batch_index: 37 -- total: 78 -- loss: 2.2379565238952637 -- loss-avg: 2.2607085704803467 -- accuracy: 48
time  143 sec :::RANK 1 ::: TRAIN -- epoch: 0 -- batch_index: 38 -- total: 78 -- loss: 2.262625217437744 -- loss-avg: 2.2800240516662598 -- accuracy: 0
time  143 sec :::RANK 3 ::: TRAIN -- epoch: 0 -- batch_index: 38 -- total: 78 -- loss: 2.250248670578003 -- loss-avg: 2.2726898193359375 -- accuracy: 0
time  143 sec :::RANK 4 ::: TRAIN -- epoch: 0 -- batch_index: 38 -- total: 78 -- loss: 2.237229108810425 -- loss-avg: 2.2601065635681152 -- accuracy: 48
time  143 sec :::RANK 2 ::: TRAIN -- epoch: 0 -- batch_index: 38 -- total: 78 -- loss: 2.261228084564209 -- loss-avg: 2.2809550762176514 -- accuracy: 0
time  146 sec :::RANK 4 ::: TRAIN -- epoch: 0 -- batch_index: 39 -- total: 78 -- loss: 2.242588996887207 -- loss-avg: 2.2596688270568848 -- accuracy: 48
time  146 sec :::RANK 2 ::: TRAIN -- epoch: 0 -- batch_index: 39 -- total: 78 -- loss: 2.2606186866760254 -- loss-avg: 2.2804465293884277 -- accuracy: 0
time  146 sec :::RANK 1 ::: TRAIN -- epoch: 0 -- batch_index: 39 -- total: 78 -- loss: 2.2614853382110596 -- loss-avg: 2.2795605659484863 -- accuracy: 0
time  146 sec :::RANK 3 ::: TRAIN -- epoch: 0 -- batch_index: 39 -- total: 78 -- loss: 2.2557907104492188 -- loss-avg: 2.2722673416137695 -- accuracy: 0
time  153 sec :::RANK 3 ::: TRAIN -- epoch: 0 -- batch_index: 40 -- total: 78 -- loss: 2.2447290420532227 -- loss-avg: 2.2715957164764404 -- accuracy: 0
time  153 sec :::RANK 1 ::: TRAIN -- epoch: 0 -- batch_index: 40 -- total: 78 -- loss: 2.2589941024780273 -- loss-avg: 2.2790589332580566 -- accuracy: 0
time  153 sec :::RANK 4 ::: TRAIN -- epoch: 0 -- batch_index: 40 -- total: 78 -- loss: 2.240757942199707 -- loss-avg: 2.2592074871063232 -- accuracy: 48
time  153 sec :::RANK 2 ::: TRAIN -- epoch: 0 -- batch_index: 40 -- total: 78 -- loss: 2.260293960571289 -- loss-avg: 2.2799551486968994 -- accuracy: 0
time  156 sec :::RANK 2 ::: TRAIN -- epoch: 0 -- batch_index: 41 -- total: 78 -- loss: 2.257723808288574 -- loss-avg: 2.279425621032715 -- accuracy: 0
time  157 sec :::RANK 1 ::: TRAIN -- epoch: 0 -- batch_index: 41 -- total: 78 -- loss: 2.2602264881134033 -- loss-avg: 2.2786104679107666 -- accuracy: 0
time  157 sec :::RANK 4 ::: TRAIN -- epoch: 0 -- batch_index: 41 -- total: 78 -- loss: 2.236388683319092 -- loss-avg: 2.25866436958313 -- accuracy: 48
time  156 sec :::RANK 3 ::: TRAIN -- epoch: 0 -- batch_index: 41 -- total: 78 -- loss: 2.249096393585205 -- loss-avg: 2.271059989929199 -- accuracy: 0
time  158 sec :::RANK 3 ::: TRAIN -- epoch: 0 -- batch_index: 42 -- total: 78 -- loss: 2.2445385456085205 -- loss-avg: 2.2704432010650635 -- accuracy: 0
time  158 sec :::RANK 4 ::: TRAIN -- epoch: 0 -- batch_index: 42 -- total: 78 -- loss: 2.2327985763549805 -- loss-avg: 2.2580626010894775 -- accuracy: 48
time  158 sec :::RANK 1 ::: TRAIN -- epoch: 0 -- batch_index: 42 -- total: 78 -- loss: 2.260111093521118 -- loss-avg: 2.2781801223754883 -- accuracy: 0
time  158 sec :::RANK 2 ::: TRAIN -- epoch: 0 -- batch_index: 42 -- total: 78 -- loss: 2.256608247756958 -- loss-avg: 2.2788949012756348 -- accuracy: 0
time  159 sec :::RANK 1 ::: TRAIN -- epoch: 0 -- batch_index: 43 -- total: 78 -- loss: 2.258434534072876 -- loss-avg: 2.277731418609619 -- accuracy: 0
time  159 sec :::RANK 3 ::: TRAIN -- epoch: 0 -- batch_index: 43 -- total: 78 -- loss: 2.249610424041748 -- loss-avg: 2.2699697017669678 -- accuracy: 0
time  159 sec :::RANK 4 ::: TRAIN -- epoch: 0 -- batch_index: 43 -- total: 78 -- loss: 2.2354660034179688 -- loss-avg: 2.2575490474700928 -- accuracy: 48
time  159 sec :::RANK 2 ::: TRAIN -- epoch: 0 -- batch_index: 43 -- total: 78 -- loss: 2.2576451301574707 -- loss-avg: 2.278412103652954 -- accuracy: 0
time  162 sec :::RANK 2 ::: TRAIN -- epoch: 0 -- batch_index: 44 -- total: 78 -- loss: 2.257323980331421 -- loss-avg: 2.2779433727264404 -- accuracy: 0
time  162 sec :::RANK 3 ::: TRAIN -- epoch: 0 -- batch_index: 44 -- total: 78 -- loss: 2.244967460632324 -- loss-avg: 2.269414186477661 -- accuracy: 0
time  162 sec :::RANK 4 ::: TRAIN -- epoch: 0 -- batch_index: 44 -- total: 78 -- loss: 2.2359256744384766 -- loss-avg: 2.257068634033203 -- accuracy: 48
time  162 sec :::RANK 1 ::: TRAIN -- epoch: 0 -- batch_index: 44 -- total: 78 -- loss: 2.257509469985962 -- loss-avg: 2.2772819995880127 -- accuracy: 0
time  166 sec :::RANK 2 ::: TRAIN -- epoch: 0 -- batch_index: 45 -- total: 78 -- loss: 2.2564454078674316 -- loss-avg: 2.2774760723114014 -- accuracy: 0
time  166 sec :::RANK 1 ::: TRAIN -- epoch: 0 -- batch_index: 45 -- total: 78 -- loss: 2.2567248344421387 -- loss-avg: 2.2768349647521973 -- accuracy: 0
time  166 sec :::RANK 3 ::: TRAIN -- epoch: 0 -- batch_index: 45 -- total: 78 -- loss: 2.243560791015625 -- loss-avg: 2.2688519954681396 -- accuracy: 0
time  166 sec :::RANK 4 ::: TRAIN -- epoch: 0 -- batch_index: 45 -- total: 78 -- loss: 2.2322113513946533 -- loss-avg: 2.25652813911438 -- accuracy: 48
time  173 sec :::RANK 4 ::: TRAIN -- epoch: 0 -- batch_index: 46 -- total: 78 -- loss: 2.234576940536499 -- loss-avg: 2.25606107711792 -- accuracy: 48
time  173 sec :::RANK 2 ::: TRAIN -- epoch: 0 -- batch_index: 46 -- total: 78 -- loss: 2.2571072578430176 -- loss-avg: 2.277042865753174 -- accuracy: 0
time  173 sec :::RANK 3 ::: TRAIN -- epoch: 0 -- batch_index: 46 -- total: 78 -- loss: 2.2388367652893066 -- loss-avg: 2.2682135105133057 -- accuracy: 0
time  173 sec :::RANK 1 ::: TRAIN -- epoch: 0 -- batch_index: 46 -- total: 78 -- loss: 2.258634567260742 -- loss-avg: 2.2764477729797363 -- accuracy: 0
time  176 sec :::RANK 3 ::: TRAIN -- epoch: 0 -- batch_index: 47 -- total: 78 -- loss: 2.2508561611175537 -- loss-avg: 2.2678518295288086 -- accuracy: 0
time  176 sec :::RANK 4 ::: TRAIN -- epoch: 0 -- batch_index: 47 -- total: 78 -- loss: 2.2297024726867676 -- loss-avg: 2.255511999130249 -- accuracy: 48
time  176 sec :::RANK 2 ::: TRAIN -- epoch: 0 -- batch_index: 47 -- total: 78 -- loss: 2.254673957824707 -- loss-avg: 2.2765767574310303 -- accuracy: 0
time  176 sec :::RANK 1 ::: TRAIN -- epoch: 0 -- batch_index: 47 -- total: 78 -- loss: 2.2573602199554443 -- loss-avg: 2.276050329208374 -- accuracy: 0
time  179 sec :::RANK 1 ::: TRAIN -- epoch: 0 -- batch_index: 48 -- total: 78 -- loss: 2.253986120223999 -- loss-avg: 2.275599956512451 -- accuracy: 0
time  179 sec :::RANK 4 ::: TRAIN -- epoch: 0 -- batch_index: 48 -- total: 78 -- loss: 2.2308549880981445 -- loss-avg: 2.2550086975097656 -- accuracy: 49
time  179 sec :::RANK 3 ::: TRAIN -- epoch: 0 -- batch_index: 48 -- total: 78 -- loss: 2.2426164150238037 -- loss-avg: 2.267336845397949 -- accuracy: 0
time  179 sec :::RANK 2 ::: TRAIN -- epoch: 0 -- batch_index: 48 -- total: 78 -- loss: 2.2525107860565186 -- loss-avg: 2.276085615158081 -- accuracy: 0
time  183 sec :::RANK 3 ::: TRAIN -- epoch: 0 -- batch_index: 49 -- total: 78 -- loss: 2.2406952381134033 -- loss-avg: 2.2668039798736572 -- accuracy: 0
time  183 sec :::RANK 2 ::: TRAIN -- epoch: 0 -- batch_index: 49 -- total: 78 -- loss: 2.252081871032715 -- loss-avg: 2.2756056785583496 -- accuracy: 0
time  183 sec :::RANK 1 ::: TRAIN -- epoch: 0 -- batch_index: 49 -- total: 78 -- loss: 2.2538881301879883 -- loss-avg: 2.2751657962799072 -- accuracy: 0
time  183 sec :::RANK 4 ::: TRAIN -- epoch: 0 -- batch_index: 49 -- total: 78 -- loss: 2.229567766189575 -- loss-avg: 2.254499912261963 -- accuracy: 49
time  184 sec :::RANK 1 ::: TRAIN -- epoch: 0 -- batch_index: 50 -- total: 78 -- loss: 2.254063129425049 -- loss-avg: 2.274751901626587 -- accuracy: 0
time  184 sec :::RANK 4 ::: TRAIN -- epoch: 0 -- batch_index: 50 -- total: 78 -- loss: 2.2292394638061523 -- loss-avg: 2.254004716873169 -- accuracy: 49
time  184 sec :::RANK 2 ::: TRAIN -- epoch: 0 -- batch_index: 50 -- total: 78 -- loss: 2.2513797283172607 -- loss-avg: 2.2751305103302 -- accuracy: 0
time  184 sec :::RANK 3 ::: TRAIN -- epoch: 0 -- batch_index: 50 -- total: 78 -- loss: 2.240570068359375 -- loss-avg: 2.266289472579956 -- accuracy: 0
time  191 sec :::RANK 4 ::: TRAIN -- epoch: 0 -- batch_index: 51 -- total: 78 -- loss: 2.230980157852173 -- loss-avg: 2.2535619735717773 -- accuracy: 49
time  191 sec :::RANK 1 ::: TRAIN -- epoch: 0 -- batch_index: 51 -- total: 78 -- loss: 2.250901699066162 -- loss-avg: 2.2742934226989746 -- accuracy: 0
time  191 sec :::RANK 3 ::: TRAIN -- epoch: 0 -- batch_index: 51 -- total: 78 -- loss: 2.2385735511779785 -- loss-avg: 2.265756368637085 -- accuracy: 0
time  191 sec :::RANK 2 ::: TRAIN -- epoch: 0 -- batch_index: 51 -- total: 78 -- loss: 2.2520923614501953 -- loss-avg: 2.2746875286102295 -- accuracy: 0
time  192 sec :::RANK 3 ::: TRAIN -- epoch: 0 -- batch_index: 52 -- total: 78 -- loss: 2.2432377338409424 -- loss-avg: 2.265331745147705 -- accuracy: 0
time  192 sec :::RANK 2 ::: TRAIN -- epoch: 0 -- batch_index: 52 -- total: 78 -- loss: 2.2499659061431885 -- loss-avg: 2.274221181869507 -- accuracy: 0
time  192 sec :::RANK 1 ::: TRAIN -- epoch: 0 -- batch_index: 52 -- total: 78 -- loss: 2.251413345336914 -- loss-avg: 2.2738616466522217 -- accuracy: 0
time  192 sec :::RANK 4 ::: TRAIN -- epoch: 0 -- batch_index: 52 -- total: 78 -- loss: 2.2336032390594482 -- loss-avg: 2.253185272216797 -- accuracy: 49
time  196 sec :::RANK 3 ::: TRAIN -- epoch: 0 -- batch_index: 53 -- total: 78 -- loss: 2.2418360710144043 -- loss-avg: 2.2648966312408447 -- accuracy: 0
time  196 sec :::RANK 1 ::: TRAIN -- epoch: 0 -- batch_index: 53 -- total: 78 -- loss: 2.251408815383911 -- loss-avg: 2.2734458446502686 -- accuracy: 0
time  196 sec :::RANK 4 ::: TRAIN -- epoch: 0 -- batch_index: 53 -- total: 78 -- loss: 2.228938102722168 -- loss-avg: 2.2527363300323486 -- accuracy: 48
time  196 sec :::RANK 2 ::: TRAIN -- epoch: 0 -- batch_index: 53 -- total: 78 -- loss: 2.2489013671875 -- loss-avg: 2.273752212524414 -- accuracy: 0
time  199 sec :::RANK 3 ::: TRAIN -- epoch: 0 -- batch_index: 54 -- total: 78 -- loss: 2.2427682876586914 -- loss-avg: 2.2644941806793213 -- accuracy: 0
time  199 sec :::RANK 4 ::: TRAIN -- epoch: 0 -- batch_index: 54 -- total: 78 -- loss: 2.2238473892211914 -- loss-avg: 2.252211093902588 -- accuracy: 49
time  199 sec :::RANK 1 ::: TRAIN -- epoch: 0 -- batch_index: 54 -- total: 78 -- loss: 2.2485201358795166 -- loss-avg: 2.2729926109313965 -- accuracy: 0
time  199 sec :::RANK 2 ::: TRAIN -- epoch: 0 -- batch_index: 54 -- total: 78 -- loss: 2.2495081424713135 -- loss-avg: 2.2733116149902344 -- accuracy: 0
time  202 sec :::RANK 2 ::: TRAIN -- epoch: 0 -- batch_index: 55 -- total: 78 -- loss: 2.2486765384674072 -- loss-avg: 2.272871732711792 -- accuracy: 0
time  202 sec :::RANK 3 ::: TRAIN -- epoch: 0 -- batch_index: 55 -- total: 78 -- loss: 2.240675926208496 -- loss-avg: 2.264068841934204 -- accuracy: 0
time  202 sec :::RANK 1 ::: TRAIN -- epoch: 0 -- batch_index: 55 -- total: 78 -- loss: 2.2480270862579346 -- loss-avg: 2.2725467681884766 -- accuracy: 0
time  202 sec :::RANK 4 ::: TRAIN -- epoch: 0 -- batch_index: 55 -- total: 78 -- loss: 2.2277870178222656 -- loss-avg: 2.251775026321411 -- accuracy: 49
time  209 sec :::RANK 4 ::: TRAIN -- epoch: 0 -- batch_index: 56 -- total: 78 -- loss: 2.225464105606079 -- loss-avg: 2.2513132095336914 -- accuracy: 49
time  209 sec :::RANK 3 ::: TRAIN -- epoch: 0 -- batch_index: 56 -- total: 78 -- loss: 2.238856077194214 -- loss-avg: 2.2636265754699707 -- accuracy: 0
time  209 sec :::RANK 1 ::: TRAIN -- epoch: 0 -- batch_index: 56 -- total: 78 -- loss: 2.247692823410034 -- loss-avg: 2.2721107006073 -- accuracy: 0
time  209 sec :::RANK 2 ::: TRAIN -- epoch: 0 -- batch_index: 56 -- total: 78 -- loss: 2.2486355304718018 -- loss-avg: 2.272446393966675 -- accuracy: 0
time  211 sec :::RANK 3 ::: TRAIN -- epoch: 0 -- batch_index: 57 -- total: 78 -- loss: 2.2354981899261475 -- loss-avg: 2.2631418704986572 -- accuracy: 0
time  211 sec :::RANK 1 ::: TRAIN -- epoch: 0 -- batch_index: 57 -- total: 78 -- loss: 2.249474287033081 -- loss-avg: 2.2717206478118896 -- accuracy: 0
time  211 sec :::RANK 2 ::: TRAIN -- epoch: 0 -- batch_index: 57 -- total: 78 -- loss: 2.2467966079711914 -- loss-avg: 2.2720041275024414 -- accuracy: 0
time  211 sec :::RANK 4 ::: TRAIN -- epoch: 0 -- batch_index: 57 -- total: 78 -- loss: 2.2266600131988525 -- loss-avg: 2.2508881092071533 -- accuracy: 49
time  212 sec :::RANK 4 ::: TRAIN -- epoch: 0 -- batch_index: 58 -- total: 78 -- loss: 2.2271738052368164 -- loss-avg: 2.250486135482788 -- accuracy: 49
time  212 sec :::RANK 2 ::: TRAIN -- epoch: 0 -- batch_index: 58 -- total: 78 -- loss: 2.2446470260620117 -- loss-avg: 2.271540403366089 -- accuracy: 0
time  212 sec :::RANK 3 ::: TRAIN -- epoch: 0 -- batch_index: 58 -- total: 78 -- loss: 2.2372868061065674 -- loss-avg: 2.2627036571502686 -- accuracy: 0
time  212 sec :::RANK 1 ::: TRAIN -- epoch: 0 -- batch_index: 58 -- total: 78 -- loss: 2.2470011711120605 -- loss-avg: 2.271301507949829 -- accuracy: 0
time  215 sec :::RANK 3 ::: TRAIN -- epoch: 0 -- batch_index: 59 -- total: 78 -- loss: 2.2345144748687744 -- loss-avg: 2.2622337341308594 -- accuracy: 0
time  215 sec :::RANK 2 ::: TRAIN -- epoch: 0 -- batch_index: 59 -- total: 78 -- loss: 2.2456326484680176 -- loss-avg: 2.271108865737915 -- accuracy: 0
time  215 sec :::RANK 1 ::: TRAIN -- epoch: 0 -- batch_index: 59 -- total: 78 -- loss: 2.2473602294921875 -- loss-avg: 2.270902395248413 -- accuracy: 0
time  215 sec :::RANK 4 ::: TRAIN -- epoch: 0 -- batch_index: 59 -- total: 78 -- loss: 2.226594924926758 -- loss-avg: 2.2500879764556885 -- accuracy: 48
time  222 sec :::RANK 2 ::: TRAIN -- epoch: 0 -- batch_index: 60 -- total: 78 -- loss: 2.242702007293701 -- loss-avg: 2.2706432342529297 -- accuracy: 0
time  222 sec :::RANK 1 ::: TRAIN -- epoch: 0 -- batch_index: 60 -- total: 78 -- loss: 2.2450947761535645 -- loss-avg: 2.270479440689087 -- accuracy: 0
time  222 sec :::RANK 3 ::: TRAIN -- epoch: 0 -- batch_index: 60 -- total: 78 -- loss: 2.2366981506347656 -- loss-avg: 2.261815071105957 -- accuracy: 0
time  222 sec :::RANK 4 ::: TRAIN -- epoch: 0 -- batch_index: 60 -- total: 78 -- loss: 2.220832347869873 -- loss-avg: 2.249608278274536 -- accuracy: 49
time  229 sec :::RANK 1 ::: TRAIN -- epoch: 0 -- batch_index: 61 -- total: 78 -- loss: 2.2440524101257324 -- loss-avg: 2.2700531482696533 -- accuracy: 0
time  229 sec :::RANK 4 ::: TRAIN -- epoch: 0 -- batch_index: 61 -- total: 78 -- loss: 2.2213470935821533 -- loss-avg: 2.249152421951294 -- accuracy: 49
time  229 sec :::RANK 2 ::: TRAIN -- epoch: 0 -- batch_index: 61 -- total: 78 -- loss: 2.24340558052063 -- loss-avg: 2.2702038288116455 -- accuracy: 0
time  229 sec :::RANK 3 ::: TRAIN -- epoch: 0 -- batch_index: 61 -- total: 78 -- loss: 2.2345023155212402 -- loss-avg: 2.2613744735717773 -- accuracy: 0
time  237 sec :::RANK 3 ::: TRAIN -- epoch: 0 -- batch_index: 62 -- total: 78 -- loss: 2.232800245285034 -- loss-avg: 2.260921001434326 -- accuracy: 0
time  237 sec :::RANK 1 ::: TRAIN -- epoch: 0 -- batch_index: 62 -- total: 78 -- loss: 2.244835376739502 -- loss-avg: 2.269653081893921 -- accuracy: 0
time  237 sec :::RANK 4 ::: TRAIN -- epoch: 0 -- batch_index: 62 -- total: 78 -- loss: 2.2221429347991943 -- loss-avg: 2.2487235069274902 -- accuracy: 49
time  237 sec :::RANK 2 ::: TRAIN -- epoch: 0 -- batch_index: 62 -- total: 78 -- loss: 2.2418997287750244 -- loss-avg: 2.269754648208618 -- accuracy: 0
time  240 sec :::RANK 3 ::: TRAIN -- epoch: 0 -- batch_index: 63 -- total: 78 -- loss: 2.2268242835998535 -- loss-avg: 2.260388135910034 -- accuracy: 0
time  240 sec :::RANK 1 ::: TRAIN -- epoch: 0 -- batch_index: 63 -- total: 78 -- loss: 2.2423040866851807 -- loss-avg: 2.269225835800171 -- accuracy: 0
time  240 sec :::RANK 2 ::: TRAIN -- epoch: 0 -- batch_index: 63 -- total: 78 -- loss: 2.241260051727295 -- loss-avg: 2.2693092823028564 -- accuracy: 0
time  240 sec :::RANK 4 ::: TRAIN -- epoch: 0 -- batch_index: 63 -- total: 78 -- loss: 2.2231385707855225 -- loss-avg: 2.248323917388916 -- accuracy: 48
time  247 sec :::RANK 4 ::: TRAIN -- epoch: 0 -- batch_index: 64 -- total: 78 -- loss: 2.2180449962615967 -- loss-avg: 2.2478580474853516 -- accuracy: 49
time  247 sec :::RANK 3 ::: TRAIN -- epoch: 0 -- batch_index: 64 -- total: 78 -- loss: 2.2303054332733154 -- loss-avg: 2.259925365447998 -- accuracy: 0
time  247 sec :::RANK 1 ::: TRAIN -- epoch: 0 -- batch_index: 64 -- total: 78 -- loss: 2.241129159927368 -- loss-avg: 2.2687935829162598 -- accuracy: 0
time  247 sec :::RANK 2 ::: TRAIN -- epoch: 0 -- batch_index: 64 -- total: 78 -- loss: 2.2400624752044678 -- loss-avg: 2.268859386444092 -- accuracy: 0
time  249 sec :::RANK 1 ::: TRAIN -- epoch: 0 -- batch_index: 65 -- total: 78 -- loss: 2.2413699626922607 -- loss-avg: 2.2683780193328857 -- accuracy: 0
time  249 sec :::RANK 2 ::: TRAIN -- epoch: 0 -- batch_index: 65 -- total: 78 -- loss: 2.240330457687378 -- loss-avg: 2.2684271335601807 -- accuracy: 0
time  249 sec :::RANK 3 ::: TRAIN -- epoch: 0 -- batch_index: 65 -- total: 78 -- loss: 2.231614589691162 -- loss-avg: 2.2594962120056152 -- accuracy: 0
time  249 sec :::RANK 4 ::: TRAIN -- epoch: 0 -- batch_index: 65 -- total: 78 -- loss: 2.2174806594848633 -- loss-avg: 2.2473978996276855 -- accuracy: 49
time  256 sec :::RANK 4 ::: TRAIN -- epoch: 0 -- batch_index: 66 -- total: 78 -- loss: 2.218935966491699 -- loss-avg: 2.2469730377197266 -- accuracy: 49
time  256 sec :::RANK 2 ::: TRAIN -- epoch: 0 -- batch_index: 66 -- total: 78 -- loss: 2.240269422531128 -- loss-avg: 2.2680068016052246 -- accuracy: 0
time  256 sec :::RANK 3 ::: TRAIN -- epoch: 0 -- batch_index: 66 -- total: 78 -- loss: 2.236095905303955 -- loss-avg: 2.2591471672058105 -- accuracy: 0
time  256 sec :::RANK 1 ::: TRAIN -- epoch: 0 -- batch_index: 66 -- total: 78 -- loss: 2.241417407989502 -- loss-avg: 2.2679758071899414 -- accuracy: 0
time  257 sec :::RANK 3 ::: TRAIN -- epoch: 0 -- batch_index: 67 -- total: 78 -- loss: 2.229459524154663 -- loss-avg: 2.2587106227874756 -- accuracy: 0
time  257 sec :::RANK 4 ::: TRAIN -- epoch: 0 -- batch_index: 67 -- total: 78 -- loss: 2.218191385269165 -- loss-avg: 2.246549606323242 -- accuracy: 49
time  257 sec :::RANK 1 ::: TRAIN -- epoch: 0 -- batch_index: 67 -- total: 78 -- loss: 2.239187717437744 -- loss-avg: 2.267552375793457 -- accuracy: 0
time  257 sec :::RANK 2 ::: TRAIN -- epoch: 0 -- batch_index: 67 -- total: 78 -- loss: 2.2385380268096924 -- loss-avg: 2.267573356628418 -- accuracy: 0
time  264 sec :::RANK 2 ::: TRAIN -- epoch: 0 -- batch_index: 68 -- total: 78 -- loss: 2.238194704055786 -- loss-avg: 2.2671475410461426 -- accuracy: 0
time  264 sec :::RANK 4 ::: TRAIN -- epoch: 0 -- batch_index: 68 -- total: 78 -- loss: 2.2165186405181885 -- loss-avg: 2.246114492416382 -- accuracy: 49
time  264 sec :::RANK 1 ::: TRAIN -- epoch: 0 -- batch_index: 68 -- total: 78 -- loss: 2.2396786212921143 -- loss-avg: 2.267148494720459 -- accuracy: 0
time  264 sec :::RANK 3 ::: TRAIN -- epoch: 0 -- batch_index: 68 -- total: 78 -- loss: 2.2282402515411377 -- loss-avg: 2.2582688331604004 -- accuracy: 0
time  268 sec :::RANK 4 ::: TRAIN -- epoch: 0 -- batch_index: 69 -- total: 78 -- loss: 2.215684652328491 -- loss-avg: 2.2456798553466797 -- accuracy: 49
time  268 sec :::RANK 1 ::: TRAIN -- epoch: 0 -- batch_index: 69 -- total: 78 -- loss: 2.2404935359954834 -- loss-avg: 2.266767740249634 -- accuracy: 0
time  268 sec :::RANK 2 ::: TRAIN -- epoch: 0 -- batch_index: 69 -- total: 78 -- loss: 2.2372288703918457 -- loss-avg: 2.2667200565338135 -- accuracy: 0
time  268 sec :::RANK 3 ::: TRAIN -- epoch: 0 -- batch_index: 69 -- total: 78 -- loss: 2.2276298999786377 -- loss-avg: 2.257831335067749 -- accuracy: 0
time  275 sec :::RANK 3 ::: TRAIN -- epoch: 0 -- batch_index: 70 -- total: 78 -- loss: 2.2287497520446777 -- loss-avg: 2.2574214935302734 -- accuracy: 0
time  275 sec :::RANK 1 ::: TRAIN -- epoch: 0 -- batch_index: 70 -- total: 78 -- loss: 2.2387797832489014 -- loss-avg: 2.266373634338379 -- accuracy: 0
time  275 sec :::RANK 2 ::: TRAIN -- epoch: 0 -- batch_index: 70 -- total: 78 -- loss: 2.236825704574585 -- loss-avg: 2.266299247741699 -- accuracy: 0
time  275 sec :::RANK 4 ::: TRAIN -- epoch: 0 -- batch_index: 70 -- total: 78 -- loss: 2.214844226837158 -- loss-avg: 2.2452454566955566 -- accuracy: 49
time  278 sec :::RANK 4 ::: TRAIN -- epoch: 0 -- batch_index: 71 -- total: 78 -- loss: 2.2176623344421387 -- loss-avg: 2.2448625564575195 -- accuracy: 49
time  278 sec :::RANK 3 ::: TRAIN -- epoch: 0 -- batch_index: 71 -- total: 78 -- loss: 2.2301828861236572 -- loss-avg: 2.2570431232452393 -- accuracy: 0
time  278 sec :::RANK 2 ::: TRAIN -- epoch: 0 -- batch_index: 71 -- total: 78 -- loss: 2.236191511154175 -- loss-avg: 2.265881061553955 -- accuracy: 0
time  278 sec :::RANK 1 ::: TRAIN -- epoch: 0 -- batch_index: 71 -- total: 78 -- loss: 2.2368931770324707 -- loss-avg: 2.2659640312194824 -- accuracy: 0
time  281 sec :::RANK 1 ::: TRAIN -- epoch: 0 -- batch_index: 72 -- total: 78 -- loss: 2.2368481159210205 -- loss-avg: 2.2655651569366455 -- accuracy: 0
time  281 sec :::RANK 2 ::: TRAIN -- epoch: 0 -- batch_index: 72 -- total: 78 -- loss: 2.234523296356201 -- loss-avg: 2.265451431274414 -- accuracy: 0
time  281 sec :::RANK 4 ::: TRAIN -- epoch: 0 -- batch_index: 72 -- total: 78 -- loss: 2.214862108230591 -- loss-avg: 2.2444515228271484 -- accuracy: 49
time  281 sec :::RANK 3 ::: TRAIN -- epoch: 0 -- batch_index: 72 -- total: 78 -- loss: 2.2266762256622314 -- loss-avg: 2.256627082824707 -- accuracy: 0
time  285 sec :::RANK 2 ::: TRAIN -- epoch: 0 -- batch_index: 73 -- total: 78 -- loss: 2.2333757877349854 -- loss-avg: 2.2650182247161865 -- accuracy: 0
time  285 sec :::RANK 4 ::: TRAIN -- epoch: 0 -- batch_index: 73 -- total: 78 -- loss: 2.2146198749542236 -- loss-avg: 2.2440483570098877 -- accuracy: 49
time  285 sec :::RANK 1 ::: TRAIN -- epoch: 0 -- batch_index: 73 -- total: 78 -- loss: 2.2365424633026123 -- loss-avg: 2.2651729583740234 -- accuracy: 0
time  285 sec :::RANK 3 ::: TRAIN -- epoch: 0 -- batch_index: 73 -- total: 78 -- loss: 2.2272167205810547 -- loss-avg: 2.2562296390533447 -- accuracy: 0
time  288 sec :::RANK 3 ::: TRAIN -- epoch: 0 -- batch_index: 74 -- total: 78 -- loss: 2.219224452972412 -- loss-avg: 2.2557363510131836 -- accuracy: 0
time  288 sec :::RANK 1 ::: TRAIN -- epoch: 0 -- batch_index: 74 -- total: 78 -- loss: 2.23409104347229 -- loss-avg: 2.264758586883545 -- accuracy: 0
time  288 sec :::RANK 2 ::: TRAIN -- epoch: 0 -- batch_index: 74 -- total: 78 -- loss: 2.2327849864959717 -- loss-avg: 2.2645883560180664 -- accuracy: 0
time  288 sec :::RANK 4 ::: TRAIN -- epoch: 0 -- batch_index: 74 -- total: 78 -- loss: 2.2110519409179688 -- loss-avg: 2.2436084747314453 -- accuracy: 49
time  295 sec :::RANK 4 ::: TRAIN -- epoch: 0 -- batch_index: 75 -- total: 78 -- loss: 2.213531017303467 -- loss-avg: 2.2432126998901367 -- accuracy: 49
time  295 sec :::RANK 2 ::: TRAIN -- epoch: 0 -- batch_index: 75 -- total: 78 -- loss: 2.2338356971740723 -- loss-avg: 2.264183759689331 -- accuracy: 0
time  295 sec :::RANK 3 ::: TRAIN -- epoch: 0 -- batch_index: 75 -- total: 78 -- loss: 2.2225394248962402 -- loss-avg: 2.2552993297576904 -- accuracy: 0
time  295 sec :::RANK 1 ::: TRAIN -- epoch: 0 -- batch_index: 75 -- total: 78 -- loss: 2.2353219985961914 -- loss-avg: 2.264371156692505 -- accuracy: 0
time  298 sec :::RANK 4 ::: TRAIN -- epoch: 0 -- batch_index: 76 -- total: 78 -- loss: 2.2123591899871826 -- loss-avg: 2.242811918258667 -- accuracy: 49
time  298 sec :::RANK 1 ::: TRAIN -- epoch: 0 -- batch_index: 76 -- total: 78 -- loss: 2.2332186698913574 -- loss-avg: 2.2639665603637695 -- accuracy: 0
time  298 sec :::RANK 2 ::: TRAIN -- epoch: 0 -- batch_index: 76 -- total: 78 -- loss: 2.232640504837036 -- loss-avg: 2.2637741565704346 -- accuracy: 0
time  298 sec :::RANK 3 ::: TRAIN -- epoch: 0 -- batch_index: 76 -- total: 78 -- loss: 2.221811294555664 -- loss-avg: 2.2548646926879883 -- accuracy: 0
time  302 sec :::RANK 3 ::: TRAIN -- epoch: 0 -- batch_index: 77 -- total: 78 -- loss: 2.2228925228118896 -- loss-avg: 2.2544546127319336 -- accuracy: 0
time  302 sec :::RANK 1 ::: TRAIN -- epoch: 0 -- batch_index: 77 -- total: 78 -- loss: 2.2320048809051514 -- loss-avg: 2.263556957244873 -- accuracy: 0
time  302 sec :::RANK 4 ::: TRAIN -- epoch: 0 -- batch_index: 77 -- total: 78 -- loss: 2.2095587253570557 -- loss-avg: 2.2423856258392334 -- accuracy: 49
time  302 sec :::RANK 2 ::: TRAIN -- epoch: 0 -- batch_index: 77 -- total: 78 -- loss: 2.2317590713500977 -- loss-avg: 2.263363838195801 -- accuracy: 0
time  0 sec :::RANK 0 ::: >>> Preparing data..
time  0 sec :::RANK 2 ::: >>> Preparing data..
time  0 sec :::RANK 3 ::: >>> Preparing data..
time  0 sec :::RANK 1 ::: >>> Preparing data..
time  3 sec :::RANK 0 ::: >>> Building model..
time  3 sec :::RANK 0 ::: >>> Epoch: 0
time  4 sec :::RANK 2 ::: >>> Building model..
time  4 sec :::RANK 2 ::: >>> Epoch: 0
time  4 sec :::RANK 3 ::: >>> Building model..
time  4 sec :::RANK 3 ::: >>> Epoch: 0
time  0 sec :::RANK 4 ::: >>> Preparing data..
time  8 sec :::RANK 1 ::: >>> Building model..
time  9 sec :::RANK 1 ::: >>> Epoch: 0
time  13 sec :::RANK 4 ::: >>> Building model..
time  13 sec :::RANK 4 ::: >>> Epoch: 0
time  14 sec :::RANK 4 ::: TRAIN -- epoch: 0 -- batch_index: 0 -- total: 78 -- loss: 2.3035926818847656 -- loss-avg: 2.3035926818847656 -- accuracy: 0
time  14 sec :::RANK 2 ::: TRAIN -- epoch: 0 -- batch_index: 0 -- total: 78 -- loss: 2.2809836864471436 -- loss-avg: 2.2809836864471436 -- accuracy: 0
time  14 sec :::RANK 1 ::: TRAIN -- epoch: 0 -- batch_index: 0 -- total: 78 -- loss: 2.249445676803589 -- loss-avg: 2.249445676803589 -- accuracy: 0
time  14 sec :::RANK 3 ::: TRAIN -- epoch: 0 -- batch_index: 0 -- total: 78 -- loss: 2.3459506034851074 -- loss-avg: 2.3459506034851074 -- accuracy: 0
time  18 sec :::RANK 1 ::: TRAIN -- epoch: 0 -- batch_index: 1 -- total: 78 -- loss: 2.3007919788360596 -- loss-avg: 2.275118827819824 -- accuracy: 0
time  18 sec :::RANK 2 ::: TRAIN -- epoch: 0 -- batch_index: 1 -- total: 78 -- loss: 2.301149368286133 -- loss-avg: 2.2910666465759277 -- accuracy: 0
time  18 sec :::RANK 3 ::: TRAIN -- epoch: 0 -- batch_index: 1 -- total: 78 -- loss: 2.28896164894104 -- loss-avg: 2.3174562454223633 -- accuracy: 0
time  18 sec :::RANK 4 ::: TRAIN -- epoch: 0 -- batch_index: 1 -- total: 78 -- loss: 2.275881767272949 -- loss-avg: 2.2897372245788574 -- accuracy: 27
time  20 sec :::RANK 4 ::: TRAIN -- epoch: 0 -- batch_index: 2 -- total: 78 -- loss: 2.2802319526672363 -- loss-avg: 2.2865688800811768 -- accuracy: 33
time  20 sec :::RANK 1 ::: TRAIN -- epoch: 0 -- batch_index: 2 -- total: 78 -- loss: 2.301135540008545 -- loss-avg: 2.2837910652160645 -- accuracy: 0
time  20 sec :::RANK 3 ::: TRAIN -- epoch: 0 -- batch_index: 2 -- total: 78 -- loss: 2.2953789234161377 -- loss-avg: 2.3100969791412354 -- accuracy: 0
time  20 sec :::RANK 2 ::: TRAIN -- epoch: 0 -- batch_index: 2 -- total: 78 -- loss: 2.300976514816284 -- loss-avg: 2.29436993598938 -- accuracy: 0
time  23 sec :::RANK 3 ::: TRAIN -- epoch: 0 -- batch_index: 3 -- total: 78 -- loss: 2.289046287536621 -- loss-avg: 2.3048343658447266 -- accuracy: 0
time  23 sec :::RANK 1 ::: TRAIN -- epoch: 0 -- batch_index: 3 -- total: 78 -- loss: 2.3016743659973145 -- loss-avg: 2.288261890411377 -- accuracy: 0
time  23 sec :::RANK 2 ::: TRAIN -- epoch: 0 -- batch_index: 3 -- total: 78 -- loss: 2.2997384071350098 -- loss-avg: 2.2957119941711426 -- accuracy: 0
time  23 sec :::RANK 4 ::: TRAIN -- epoch: 0 -- batch_index: 3 -- total: 78 -- loss: 2.276217460632324 -- loss-avg: 2.2839808464050293 -- accuracy: 38
time  27 sec :::RANK 4 ::: TRAIN -- epoch: 0 -- batch_index: 4 -- total: 78 -- loss: 2.2745397090911865 -- loss-avg: 2.282092571258545 -- accuracy: 40
time  27 sec :::RANK 3 ::: TRAIN -- epoch: 0 -- batch_index: 4 -- total: 78 -- loss: 2.289702892303467 -- loss-avg: 2.3018081188201904 -- accuracy: 0
time  27 sec :::RANK 1 ::: TRAIN -- epoch: 0 -- batch_index: 4 -- total: 78 -- loss: 2.297107219696045 -- loss-avg: 2.2900309562683105 -- accuracy: 0
time  27 sec :::RANK 2 ::: TRAIN -- epoch: 0 -- batch_index: 4 -- total: 78 -- loss: 2.299649477005005 -- loss-avg: 2.296499490737915 -- accuracy: 0
time  30 sec :::RANK 2 ::: TRAIN -- epoch: 0 -- batch_index: 5 -- total: 78 -- loss: 2.2971880435943604 -- loss-avg: 2.296614170074463 -- accuracy: 0
time  30 sec :::RANK 1 ::: TRAIN -- epoch: 0 -- batch_index: 5 -- total: 78 -- loss: 2.296435594558716 -- loss-avg: 2.2910983562469482 -- accuracy: 0
time  30 sec :::RANK 3 ::: TRAIN -- epoch: 0 -- batch_index: 5 -- total: 78 -- loss: 2.2891204357147217 -- loss-avg: 2.2996935844421387 -- accuracy: 0
time  30 sec :::RANK 4 ::: TRAIN -- epoch: 0 -- batch_index: 5 -- total: 78 -- loss: 2.2759411334991455 -- loss-avg: 2.281067371368408 -- accuracy: 41
time  32 sec :::RANK 3 ::: TRAIN -- epoch: 0 -- batch_index: 6 -- total: 78 -- loss: 2.2854502201080322 -- loss-avg: 2.297658920288086 -- accuracy: 0
time  32 sec :::RANK 1 ::: TRAIN -- epoch: 0 -- batch_index: 6 -- total: 78 -- loss: 2.293971538543701 -- loss-avg: 2.291508913040161 -- accuracy: 0
time  32 sec :::RANK 2 ::: TRAIN -- epoch: 0 -- batch_index: 6 -- total: 78 -- loss: 2.2949554920196533 -- loss-avg: 2.296377182006836 -- accuracy: 0
time  32 sec :::RANK 4 ::: TRAIN -- epoch: 0 -- batch_index: 6 -- total: 78 -- loss: 2.272576093673706 -- loss-avg: 2.2798542976379395 -- accuracy: 43
time  33 sec :::RANK 1 ::: TRAIN -- epoch: 0 -- batch_index: 7 -- total: 78 -- loss: 2.293003797531128 -- loss-avg: 2.2916955947875977 -- accuracy: 0
time  33 sec :::RANK 4 ::: TRAIN -- epoch: 0 -- batch_index: 7 -- total: 78 -- loss: 2.269265651702881 -- loss-avg: 2.2785308361053467 -- accuracy: 44
time  33 sec :::RANK 2 ::: TRAIN -- epoch: 0 -- batch_index: 7 -- total: 78 -- loss: 2.295196056365967 -- loss-avg: 2.296229600906372 -- accuracy: 0
time  33 sec :::RANK 3 ::: TRAIN -- epoch: 0 -- batch_index: 7 -- total: 78 -- loss: 2.2800745964050293 -- loss-avg: 2.2954609394073486 -- accuracy: 0
time  37 sec :::RANK 3 ::: TRAIN -- epoch: 0 -- batch_index: 8 -- total: 78 -- loss: 2.2842938899993896 -- loss-avg: 2.294220209121704 -- accuracy: 0
time  37 sec :::RANK 1 ::: TRAIN -- epoch: 0 -- batch_index: 8 -- total: 78 -- loss: 2.2927205562591553 -- loss-avg: 2.291809558868408 -- accuracy: 0
time  37 sec :::RANK 2 ::: TRAIN -- epoch: 0 -- batch_index: 8 -- total: 78 -- loss: 2.2932074069976807 -- loss-avg: 2.295893669128418 -- accuracy: 0
time  37 sec :::RANK 4 ::: TRAIN -- epoch: 0 -- batch_index: 8 -- total: 78 -- loss: 2.27082896232605 -- loss-avg: 2.277674913406372 -- accuracy: 45
time  42 sec :::RANK 2 ::: TRAIN -- epoch: 0 -- batch_index: 9 -- total: 78 -- loss: 2.2926361560821533 -- loss-avg: 2.2955679893493652 -- accuracy: 0
time  42 sec :::RANK 1 ::: TRAIN -- epoch: 0 -- batch_index: 9 -- total: 78 -- loss: 2.2906768321990967 -- loss-avg: 2.291696071624756 -- accuracy: 0
time  42 sec :::RANK 3 ::: TRAIN -- epoch: 0 -- batch_index: 9 -- total: 78 -- loss: 2.2807722091674805 -- loss-avg: 2.292875289916992 -- accuracy: 0
time  42 sec :::RANK 4 ::: TRAIN -- epoch: 0 -- batch_index: 9 -- total: 78 -- loss: 2.2739644050598145 -- loss-avg: 2.27730393409729 -- accuracy: 45
time  45 sec :::RANK 4 ::: TRAIN -- epoch: 0 -- batch_index: 10 -- total: 78 -- loss: 2.269545078277588 -- loss-avg: 2.2765984535217285 -- accuracy: 45
time  45 sec :::RANK 1 ::: TRAIN -- epoch: 0 -- batch_index: 10 -- total: 78 -- loss: 2.2912838459014893 -- loss-avg: 2.291658639907837 -- accuracy: 0
time  45 sec :::RANK 2 ::: TRAIN -- epoch: 0 -- batch_index: 10 -- total: 78 -- loss: 2.291339874267578 -- loss-avg: 2.2951836585998535 -- accuracy: 0
time  45 sec :::RANK 3 ::: TRAIN -- epoch: 0 -- batch_index: 10 -- total: 78 -- loss: 2.2825682163238525 -- loss-avg: 2.291938304901123 -- accuracy: 0
time  47 sec :::RANK 1 ::: TRAIN -- epoch: 0 -- batch_index: 11 -- total: 78 -- loss: 2.290121078491211 -- loss-avg: 2.2915306091308594 -- accuracy: 0
time  47 sec :::RANK 4 ::: TRAIN -- epoch: 0 -- batch_index: 11 -- total: 78 -- loss: 2.263782501220703 -- loss-avg: 2.2755305767059326 -- accuracy: 46
time  47 sec :::RANK 2 ::: TRAIN -- epoch: 0 -- batch_index: 11 -- total: 78 -- loss: 2.289999008178711 -- loss-avg: 2.2947516441345215 -- accuracy: 0
time  47 sec :::RANK 3 ::: TRAIN -- epoch: 0 -- batch_index: 11 -- total: 78 -- loss: 2.2873167991638184 -- loss-avg: 2.291553258895874 -- accuracy: 0
time  50 sec :::RANK 3 ::: TRAIN -- epoch: 0 -- batch_index: 12 -- total: 78 -- loss: 2.2801132202148438 -- loss-avg: 2.29067325592041 -- accuracy: 0
time  50 sec :::RANK 1 ::: TRAIN -- epoch: 0 -- batch_index: 12 -- total: 78 -- loss: 2.2886910438537598 -- loss-avg: 2.2913122177124023 -- accuracy: 0
time  50 sec :::RANK 4 ::: TRAIN -- epoch: 0 -- batch_index: 12 -- total: 78 -- loss: 2.267228841781616 -- loss-avg: 2.2748918533325195 -- accuracy: 46
time  50 sec :::RANK 2 ::: TRAIN -- epoch: 0 -- batch_index: 12 -- total: 78 -- loss: 2.2879953384399414 -- loss-avg: 2.29423189163208 -- accuracy: 0
time  52 sec :::RANK 4 ::: TRAIN -- epoch: 0 -- batch_index: 13 -- total: 78 -- loss: 2.267162561416626 -- loss-avg: 2.2743399143218994 -- accuracy: 46
time  52 sec :::RANK 3 ::: TRAIN -- epoch: 0 -- batch_index: 13 -- total: 78 -- loss: 2.27681303024292 -- loss-avg: 2.2896831035614014 -- accuracy: 0
time  52 sec :::RANK 2 ::: TRAIN -- epoch: 0 -- batch_index: 13 -- total: 78 -- loss: 2.287533760070801 -- loss-avg: 2.2937533855438232 -- accuracy: 0
time  52 sec :::RANK 1 ::: TRAIN -- epoch: 0 -- batch_index: 13 -- total: 78 -- loss: 2.287048816680908 -- loss-avg: 2.2910077571868896 -- accuracy: 0
time  53 sec :::RANK 1 ::: TRAIN -- epoch: 0 -- batch_index: 14 -- total: 78 -- loss: 2.28564715385437 -- loss-avg: 2.2906503677368164 -- accuracy: 0
time  53 sec :::RANK 4 ::: TRAIN -- epoch: 0 -- batch_index: 14 -- total: 78 -- loss: 2.2716081142425537 -- loss-avg: 2.274157762527466 -- accuracy: 45
time  53 sec :::RANK 2 ::: TRAIN -- epoch: 0 -- batch_index: 14 -- total: 78 -- loss: 2.287337064743042 -- loss-avg: 2.293325901031494 -- accuracy: 0
time  53 sec :::RANK 3 ::: TRAIN -- epoch: 0 -- batch_index: 14 -- total: 78 -- loss: 2.278574228286743 -- loss-avg: 2.288942813873291 -- accuracy: 0
time  55 sec :::RANK 4 ::: TRAIN -- epoch: 0 -- batch_index: 15 -- total: 78 -- loss: 2.266263008117676 -- loss-avg: 2.2736642360687256 -- accuracy: 45
time  55 sec :::RANK 3 ::: TRAIN -- epoch: 0 -- batch_index: 15 -- total: 78 -- loss: 2.27840256690979 -- loss-avg: 2.2882840633392334 -- accuracy: 0
time  55 sec :::RANK 2 ::: TRAIN -- epoch: 0 -- batch_index: 15 -- total: 78 -- loss: 2.284438133239746 -- loss-avg: 2.2927703857421875 -- accuracy: 0
time  55 sec :::RANK 1 ::: TRAIN -- epoch: 0 -- batch_index: 15 -- total: 78 -- loss: 2.2856321334838867 -- loss-avg: 2.290336847305298 -- accuracy: 0
time  59 sec :::RANK 1 ::: TRAIN -- epoch: 0 -- batch_index: 16 -- total: 78 -- loss: 2.2834815979003906 -- loss-avg: 2.289933681488037 -- accuracy: 0
time  59 sec :::RANK 3 ::: TRAIN -- epoch: 0 -- batch_index: 16 -- total: 78 -- loss: 2.2735416889190674 -- loss-avg: 2.287416696548462 -- accuracy: 0
time  59 sec :::RANK 2 ::: TRAIN -- epoch: 0 -- batch_index: 16 -- total: 78 -- loss: 2.2849276065826416 -- loss-avg: 2.292309045791626 -- accuracy: 0
time  59 sec :::RANK 4 ::: TRAIN -- epoch: 0 -- batch_index: 16 -- total: 78 -- loss: 2.2596275806427 -- loss-avg: 2.272838592529297 -- accuracy: 46
time  66 sec :::RANK 4 ::: TRAIN -- epoch: 0 -- batch_index: 17 -- total: 78 -- loss: 2.2618484497070312 -- loss-avg: 2.2722280025482178 -- accuracy: 46
time  66 sec :::RANK 1 ::: TRAIN -- epoch: 0 -- batch_index: 17 -- total: 78 -- loss: 2.282524824142456 -- loss-avg: 2.2895219326019287 -- accuracy: 0
time  66 sec :::RANK 2 ::: TRAIN -- epoch: 0 -- batch_index: 17 -- total: 78 -- loss: 2.283336877822876 -- loss-avg: 2.2918105125427246 -- accuracy: 0
time  66 sec :::RANK 3 ::: TRAIN -- epoch: 0 -- batch_index: 17 -- total: 78 -- loss: 2.2740702629089355 -- loss-avg: 2.286675453186035 -- accuracy: 0
time  67 sec :::RANK 1 ::: TRAIN -- epoch: 0 -- batch_index: 18 -- total: 78 -- loss: 2.2810535430908203 -- loss-avg: 2.289076089859009 -- accuracy: 0
time  68 sec :::RANK 3 ::: TRAIN -- epoch: 0 -- batch_index: 18 -- total: 78 -- loss: 2.2702693939208984 -- loss-avg: 2.2858119010925293 -- accuracy: 0
time  68 sec :::RANK 2 ::: TRAIN -- epoch: 0 -- batch_index: 18 -- total: 78 -- loss: 2.2814745903015137 -- loss-avg: 2.291266679763794 -- accuracy: 0
time  67 sec :::RANK 4 ::: TRAIN -- epoch: 0 -- batch_index: 18 -- total: 78 -- loss: 2.2569899559020996 -- loss-avg: 2.27142596244812 -- accuracy: 46
time  75 sec :::RANK 4 ::: TRAIN -- epoch: 0 -- batch_index: 19 -- total: 78 -- loss: 2.2577285766601562 -- loss-avg: 2.2707409858703613 -- accuracy: 47
time  75 sec :::RANK 3 ::: TRAIN -- epoch: 0 -- batch_index: 19 -- total: 78 -- loss: 2.2678236961364746 -- loss-avg: 2.284912586212158 -- accuracy: 0
time  75 sec :::RANK 2 ::: TRAIN -- epoch: 0 -- batch_index: 19 -- total: 78 -- loss: 2.280348777770996 -- loss-avg: 2.2907207012176514 -- accuracy: 0
time  75 sec :::RANK 1 ::: TRAIN -- epoch: 0 -- batch_index: 19 -- total: 78 -- loss: 2.281827688217163 -- loss-avg: 2.2887136936187744 -- accuracy: 0
time  78 sec :::RANK 4 ::: TRAIN -- epoch: 0 -- batch_index: 20 -- total: 78 -- loss: 2.259019136428833 -- loss-avg: 2.2701828479766846 -- accuracy: 47
time  79 sec :::RANK 2 ::: TRAIN -- epoch: 0 -- batch_index: 20 -- total: 78 -- loss: 2.2796995639801025 -- loss-avg: 2.290195941925049 -- accuracy: 0
time  79 sec :::RANK 3 ::: TRAIN -- epoch: 0 -- batch_index: 20 -- total: 78 -- loss: 2.2628393173217773 -- loss-avg: 2.2838613986968994 -- accuracy: 0
time  78 sec :::RANK 1 ::: TRAIN -- epoch: 0 -- batch_index: 20 -- total: 78 -- loss: 2.2794508934020996 -- loss-avg: 2.2882723808288574 -- accuracy: 0
time  87 sec :::RANK 1 ::: TRAIN -- epoch: 0 -- batch_index: 21 -- total: 78 -- loss: 2.277785301208496 -- loss-avg: 2.2877957820892334 -- accuracy: 0
time  87 sec :::RANK 4 ::: TRAIN -- epoch: 0 -- batch_index: 21 -- total: 78 -- loss: 2.254856586456299 -- loss-avg: 2.26948618888855 -- accuracy: 47
time  87 sec :::RANK 3 ::: TRAIN -- epoch: 0 -- batch_index: 21 -- total: 78 -- loss: 2.2704408168792725 -- loss-avg: 2.2832512855529785 -- accuracy: 0
time  87 sec :::RANK 2 ::: TRAIN -- epoch: 0 -- batch_index: 21 -- total: 78 -- loss: 2.2790822982788086 -- loss-avg: 2.2896909713745117 -- accuracy: 0
time  88 sec :::RANK 2 ::: TRAIN -- epoch: 0 -- batch_index: 22 -- total: 78 -- loss: 2.2775464057922363 -- loss-avg: 2.2891628742218018 -- accuracy: 0
time  88 sec :::RANK 3 ::: TRAIN -- epoch: 0 -- batch_index: 22 -- total: 78 -- loss: 2.272047758102417 -- loss-avg: 2.282764196395874 -- accuracy: 0
time  88 sec :::RANK 4 ::: TRAIN -- epoch: 0 -- batch_index: 22 -- total: 78 -- loss: 2.2566351890563965 -- loss-avg: 2.2689273357391357 -- accuracy: 47
time  88 sec :::RANK 1 ::: TRAIN -- epoch: 0 -- batch_index: 22 -- total: 78 -- loss: 2.277505874633789 -- loss-avg: 2.287348508834839 -- accuracy: 0
time  90 sec :::RANK 1 ::: TRAIN -- epoch: 0 -- batch_index: 23 -- total: 78 -- loss: 2.2775368690490723 -- loss-avg: 2.286939859390259 -- accuracy: 0
time  90 sec :::RANK 3 ::: TRAIN -- epoch: 0 -- batch_index: 23 -- total: 78 -- loss: 2.265681743621826 -- loss-avg: 2.282052516937256 -- accuracy: 0
time  90 sec :::RANK 4 ::: TRAIN -- epoch: 0 -- batch_index: 23 -- total: 78 -- loss: 2.256038188934326 -- loss-avg: 2.268390417098999 -- accuracy: 47
time  90 sec :::RANK 2 ::: TRAIN -- epoch: 0 -- batch_index: 23 -- total: 78 -- loss: 2.275646448135376 -- loss-avg: 2.288599729537964 -- accuracy: 0
time  91 sec :::RANK 2 ::: TRAIN -- epoch: 0 -- batch_index: 24 -- total: 78 -- loss: 2.276571035385132 -- loss-avg: 2.288118362426758 -- accuracy: 0
time  91 sec :::RANK 1 ::: TRAIN -- epoch: 0 -- batch_index: 24 -- total: 78 -- loss: 2.2749106884002686 -- loss-avg: 2.2864584922790527 -- accuracy: 0
time  92 sec :::RANK 3 ::: TRAIN -- epoch: 0 -- batch_index: 24 -- total: 78 -- loss: 2.267256259918213 -- loss-avg: 2.281460762023926 -- accuracy: 0
time  91 sec :::RANK 4 ::: TRAIN -- epoch: 0 -- batch_index: 24 -- total: 78 -- loss: 2.2558348178863525 -- loss-avg: 2.267888069152832 -- accuracy: 47
time  95 sec :::RANK 4 ::: TRAIN -- epoch: 0 -- batch_index: 25 -- total: 78 -- loss: 2.2505297660827637 -- loss-avg: 2.2672204971313477 -- accuracy: 47
time  95 sec :::RANK 3 ::: TRAIN -- epoch: 0 -- batch_index: 25 -- total: 78 -- loss: 2.2637226581573486 -- loss-avg: 2.280778408050537 -- accuracy: 0
time  95 sec :::RANK 2 ::: TRAIN -- epoch: 0 -- batch_index: 25 -- total: 78 -- loss: 2.275400400161743 -- loss-avg: 2.2876293659210205 -- accuracy: 0
time  95 sec :::RANK 1 ::: TRAIN -- epoch: 0 -- batch_index: 25 -- total: 78 -- loss: 2.2763326168060303 -- loss-avg: 2.28606915473938 -- accuracy: 0
time  98 sec :::RANK 1 ::: TRAIN -- epoch: 0 -- batch_index: 26 -- total: 78 -- loss: 2.27390193939209 -- loss-avg: 2.285618543624878 -- accuracy: 0
time  98 sec :::RANK 3 ::: TRAIN -- epoch: 0 -- batch_index: 26 -- total: 78 -- loss: 2.262666702270508 -- loss-avg: 2.2801074981689453 -- accuracy: 0
time  98 sec :::RANK 4 ::: TRAIN -- epoch: 0 -- batch_index: 26 -- total: 78 -- loss: 2.2503392696380615 -- loss-avg: 2.2665953636169434 -- accuracy: 47
time  98 sec :::RANK 2 ::: TRAIN -- epoch: 0 -- batch_index: 26 -- total: 78 -- loss: 2.2733042240142822 -- loss-avg: 2.2870988845825195 -- accuracy: 0
time  106 sec :::RANK 2 ::: TRAIN -- epoch: 0 -- batch_index: 27 -- total: 78 -- loss: 2.2721004486083984 -- loss-avg: 2.2865631580352783 -- accuracy: 0
time  105 sec :::RANK 4 ::: TRAIN -- epoch: 0 -- batch_index: 27 -- total: 78 -- loss: 2.2519690990448 -- loss-avg: 2.266072988510132 -- accuracy: 47
time  106 sec :::RANK 1 ::: TRAIN -- epoch: 0 -- batch_index: 27 -- total: 78 -- loss: 2.274024724960327 -- loss-avg: 2.2852044105529785 -- accuracy: 0
time  106 sec :::RANK 3 ::: TRAIN -- epoch: 0 -- batch_index: 27 -- total: 78 -- loss: 2.259087085723877 -- loss-avg: 2.2793567180633545 -- accuracy: 0
time  109 sec :::RANK 1 ::: TRAIN -- epoch: 0 -- batch_index: 28 -- total: 78 -- loss: 2.2710349559783936 -- loss-avg: 2.2847158908843994 -- accuracy: 0
time  109 sec :::RANK 3 ::: TRAIN -- epoch: 0 -- batch_index: 28 -- total: 78 -- loss: 2.2585184574127197 -- loss-avg: 2.2786383628845215 -- accuracy: 0
time  109 sec :::RANK 2 ::: TRAIN -- epoch: 0 -- batch_index: 28 -- total: 78 -- loss: 2.2719085216522217 -- loss-avg: 2.286057949066162 -- accuracy: 0
time  109 sec :::RANK 4 ::: TRAIN -- epoch: 0 -- batch_index: 28 -- total: 78 -- loss: 2.2500569820404053 -- loss-avg: 2.2655205726623535 -- accuracy: 47
time  110 sec :::RANK 1 ::: TRAIN -- epoch: 0 -- batch_index: 29 -- total: 78 -- loss: 2.270371198654175 -- loss-avg: 2.2842376232147217 -- accuracy: 0
time  110 sec :::RANK 2 ::: TRAIN -- epoch: 0 -- batch_index: 29 -- total: 78 -- loss: 2.2704660892486572 -- loss-avg: 2.2855381965637207 -- accuracy: 0
time  110 sec :::RANK 4 ::: TRAIN -- epoch: 0 -- batch_index: 29 -- total: 78 -- loss: 2.251075029373169 -- loss-avg: 2.2650389671325684 -- accuracy: 47
time  110 sec :::RANK 3 ::: TRAIN -- epoch: 0 -- batch_index: 29 -- total: 78 -- loss: 2.259685754776001 -- loss-avg: 2.2780067920684814 -- accuracy: 0
time  114 sec :::RANK 1 ::: TRAIN -- epoch: 0 -- batch_index: 30 -- total: 78 -- loss: 2.2701525688171387 -- loss-avg: 2.283783197402954 -- accuracy: 0
time  114 sec :::RANK 3 ::: TRAIN -- epoch: 0 -- batch_index: 30 -- total: 78 -- loss: 2.2608590126037598 -- loss-avg: 2.2774534225463867 -- accuracy: 0
time  114 sec :::RANK 4 ::: TRAIN -- epoch: 0 -- batch_index: 30 -- total: 78 -- loss: 2.2457242012023926 -- loss-avg: 2.264416217803955 -- accuracy: 47
time  114 sec :::RANK 2 ::: TRAIN -- epoch: 0 -- batch_index: 30 -- total: 78 -- loss: 2.269497871398926 -- loss-avg: 2.2850208282470703 -- accuracy: 0
time  116 sec :::RANK 2 ::: TRAIN -- epoch: 0 -- batch_index: 31 -- total: 78 -- loss: 2.2684214115142822 -- loss-avg: 2.2845022678375244 -- accuracy: 0
time  116 sec :::RANK 3 ::: TRAIN -- epoch: 0 -- batch_index: 31 -- total: 78 -- loss: 2.2603893280029297 -- loss-avg: 2.2769203186035156 -- accuracy: 0
time  116 sec :::RANK 4 ::: TRAIN -- epoch: 0 -- batch_index: 31 -- total: 78 -- loss: 2.2473039627075195 -- loss-avg: 2.2638814449310303 -- accuracy: 47
time  116 sec :::RANK 1 ::: TRAIN -- epoch: 0 -- batch_index: 31 -- total: 78 -- loss: 2.2689802646636963 -- loss-avg: 2.283320665359497 -- accuracy: 0
time  124 sec :::RANK 1 ::: TRAIN -- epoch: 0 -- batch_index: 32 -- total: 78 -- loss: 2.2678468227386475 -- loss-avg: 2.2828516960144043 -- accuracy: 0
time  124 sec :::RANK 4 ::: TRAIN -- epoch: 0 -- batch_index: 32 -- total: 78 -- loss: 2.2454581260681152 -- loss-avg: 2.2633233070373535 -- accuracy: 48
time  124 sec :::RANK 3 ::: TRAIN -- epoch: 0 -- batch_index: 32 -- total: 78 -- loss: 2.2542219161987305 -- loss-avg: 2.2762324810028076 -- accuracy: 0
time  124 sec :::RANK 2 ::: TRAIN -- epoch: 0 -- batch_index: 32 -- total: 78 -- loss: 2.267299175262451 -- loss-avg: 2.2839808464050293 -- accuracy: 0
time  126 sec :::RANK 3 ::: TRAIN -- epoch: 0 -- batch_index: 33 -- total: 78 -- loss: 2.2579398155212402 -- loss-avg: 2.2756943702697754 -- accuracy: 0
time  126 sec :::RANK 1 ::: TRAIN -- epoch: 0 -- batch_index: 33 -- total: 78 -- loss: 2.265352964401245 -- loss-avg: 2.282336950302124 -- accuracy: 0
time  126 sec :::RANK 2 ::: TRAIN -- epoch: 0 -- batch_index: 33 -- total: 78 -- loss: 2.266331434249878 -- loss-avg: 2.283461809158325 -- accuracy: 0
time  126 sec :::RANK 4 ::: TRAIN -- epoch: 0 -- batch_index: 33 -- total: 78 -- loss: 2.2463748455047607 -- loss-avg: 2.262824773788452 -- accuracy: 48
time  133 sec :::RANK 4 ::: TRAIN -- epoch: 0 -- batch_index: 34 -- total: 78 -- loss: 2.2448477745056152 -- loss-avg: 2.2623112201690674 -- accuracy: 48
time  134 sec :::RANK 3 ::: TRAIN -- epoch: 0 -- batch_index: 34 -- total: 78 -- loss: 2.2581048011779785 -- loss-avg: 2.2751917839050293 -- accuracy: 0
time  134 sec :::RANK 2 ::: TRAIN -- epoch: 0 -- batch_index: 34 -- total: 78 -- loss: 2.266418695449829 -- loss-avg: 2.2829749584198 -- accuracy: 0
time  133 sec :::RANK 1 ::: TRAIN -- epoch: 0 -- batch_index: 34 -- total: 78 -- loss: 2.265385389328003 -- loss-avg: 2.2818527221679688 -- accuracy: 0
time  135 sec :::RANK 2 ::: TRAIN -- epoch: 0 -- batch_index: 35 -- total: 78 -- loss: 2.2653212547302246 -- loss-avg: 2.282484531402588 -- accuracy: 0
time  135 sec :::RANK 3 ::: TRAIN -- epoch: 0 -- batch_index: 35 -- total: 78 -- loss: 2.25296950340271 -- loss-avg: 2.2745745182037354 -- accuracy: 0
time  135 sec :::RANK 1 ::: TRAIN -- epoch: 0 -- batch_index: 35 -- total: 78 -- loss: 2.2650160789489746 -- loss-avg: 2.2813849449157715 -- accuracy: 0
time  135 sec :::RANK 4 ::: TRAIN -- epoch: 0 -- batch_index: 35 -- total: 78 -- loss: 2.245737075805664 -- loss-avg: 2.2618508338928223 -- accuracy: 48
time  138 sec :::RANK 4 ::: TRAIN -- epoch: 0 -- batch_index: 36 -- total: 78 -- loss: 2.2407193183898926 -- loss-avg: 2.261279821395874 -- accuracy: 48
time  138 sec :::RANK 1 ::: TRAIN -- epoch: 0 -- batch_index: 36 -- total: 78 -- loss: 2.263937473297119 -- loss-avg: 2.2809135913848877 -- accuracy: 0
time  138 sec :::RANK 3 ::: TRAIN -- epoch: 0 -- batch_index: 36 -- total: 78 -- loss: 2.2521378993988037 -- loss-avg: 2.273967981338501 -- accuracy: 0
time  138 sec :::RANK 2 ::: TRAIN -- epoch: 0 -- batch_index: 36 -- total: 78 -- loss: 2.263878345489502 -- loss-avg: 2.2819817066192627 -- accuracy: 0
time  140 sec :::RANK 2 ::: TRAIN -- epoch: 0 -- batch_index: 37 -- total: 78 -- loss: 2.261977434158325 -- loss-avg: 2.2814552783966064 -- accuracy: 0
time  140 sec :::RANK 4 ::: TRAIN -- epoch: 0 -- batch_index: 37 -- total: 78 -- loss: 2.2378392219543457 -- loss-avg: 2.260662794113159 -- accuracy: 48
time  140 sec :::RANK 3 ::: TRAIN -- epoch: 0 -- batch_index: 37 -- total: 78 -- loss: 2.249054193496704 -- loss-avg: 2.2733123302459717 -- accuracy: 0
time  140 sec :::RANK 1 ::: TRAIN -- epoch: 0 -- batch_index: 37 -- total: 78 -- loss: 2.2623326778411865 -- loss-avg: 2.2804243564605713 -- accuracy: 0
time  142 sec :::RANK 4 ::: TRAIN -- epoch: 0 -- batch_index: 38 -- total: 78 -- loss: 2.2372703552246094 -- loss-avg: 2.2600629329681396 -- accuracy: 48
time  142 sec :::RANK 1 ::: TRAIN -- epoch: 0 -- batch_index: 38 -- total: 78 -- loss: 2.2626194953918457 -- loss-avg: 2.279967784881592 -- accuracy: 0
time  142 sec :::RANK 2 ::: TRAIN -- epoch: 0 -- batch_index: 38 -- total: 78 -- loss: 2.261293649673462 -- loss-avg: 2.280938148498535 -- accuracy: 0
time  142 sec :::RANK 3 ::: TRAIN -- epoch: 0 -- batch_index: 38 -- total: 78 -- loss: 2.250267505645752 -- loss-avg: 2.272721529006958 -- accuracy: 0
time  150 sec :::RANK 2 ::: TRAIN -- epoch: 0 -- batch_index: 39 -- total: 78 -- loss: 2.2606406211853027 -- loss-avg: 2.280430793762207 -- accuracy: 0
time  150 sec :::RANK 4 ::: TRAIN -- epoch: 0 -- batch_index: 39 -- total: 78 -- loss: 2.2427175045013428 -- loss-avg: 2.259629249572754 -- accuracy: 48
time  150 sec :::RANK 1 ::: TRAIN -- epoch: 0 -- batch_index: 39 -- total: 78 -- loss: 2.2615277767181396 -- loss-avg: 2.2795069217681885 -- accuracy: 0
time  150 sec :::RANK 3 ::: TRAIN -- epoch: 0 -- batch_index: 39 -- total: 78 -- loss: 2.255781888961792 -- loss-avg: 2.2722980976104736 -- accuracy: 0
time  152 sec :::RANK 3 ::: TRAIN -- epoch: 0 -- batch_index: 40 -- total: 78 -- loss: 2.244685649871826 -- loss-avg: 2.2716245651245117 -- accuracy: 0
time  151 sec :::RANK 1 ::: TRAIN -- epoch: 0 -- batch_index: 40 -- total: 78 -- loss: 2.2590508460998535 -- loss-avg: 2.279007911682129 -- accuracy: 0
time  151 sec :::RANK 4 ::: TRAIN -- epoch: 0 -- batch_index: 40 -- total: 78 -- loss: 2.240891933441162 -- loss-avg: 2.259172201156616 -- accuracy: 48
time  152 sec :::RANK 2 ::: TRAIN -- epoch: 0 -- batch_index: 40 -- total: 78 -- loss: 2.2602789402008057 -- loss-avg: 2.2799391746520996 -- accuracy: 0
time  153 sec :::RANK 2 ::: TRAIN -- epoch: 0 -- batch_index: 41 -- total: 78 -- loss: 2.257747173309326 -- loss-avg: 2.2794108390808105 -- accuracy: 0
time  153 sec :::RANK 1 ::: TRAIN -- epoch: 0 -- batch_index: 41 -- total: 78 -- loss: 2.2602379322052 -- loss-avg: 2.2785611152648926 -- accuracy: 0
time  153 sec :::RANK 3 ::: TRAIN -- epoch: 0 -- batch_index: 41 -- total: 78 -- loss: 2.249157667160034 -- loss-avg: 2.271089553833008 -- accuracy: 0
time  153 sec :::RANK 4 ::: TRAIN -- epoch: 0 -- batch_index: 41 -- total: 78 -- loss: 2.2363877296447754 -- loss-avg: 2.25862979888916 -- accuracy: 48
time  155 sec :::RANK 4 ::: TRAIN -- epoch: 0 -- batch_index: 42 -- total: 78 -- loss: 2.2328250408172607 -- loss-avg: 2.2580296993255615 -- accuracy: 48
time  155 sec :::RANK 1 ::: TRAIN -- epoch: 0 -- batch_index: 42 -- total: 78 -- loss: 2.26010799407959 -- loss-avg: 2.2781319618225098 -- accuracy: 0
time  155 sec :::RANK 3 ::: TRAIN -- epoch: 0 -- batch_index: 42 -- total: 78 -- loss: 2.2445030212402344 -- loss-avg: 2.2704713344573975 -- accuracy: 0
time  155 sec :::RANK 2 ::: TRAIN -- epoch: 0 -- batch_index: 42 -- total: 78 -- loss: 2.2566745281219482 -- loss-avg: 2.2788820266723633 -- accuracy: 0
time  157 sec :::RANK 1 ::: TRAIN -- epoch: 0 -- batch_index: 43 -- total: 78 -- loss: 2.258404016494751 -- loss-avg: 2.2776834964752197 -- accuracy: 0
time  157 sec :::RANK 3 ::: TRAIN -- epoch: 0 -- batch_index: 43 -- total: 78 -- loss: 2.2495572566986084 -- loss-avg: 2.269995927810669 -- accuracy: 0
time  157 sec :::RANK 2 ::: TRAIN -- epoch: 0 -- batch_index: 43 -- total: 78 -- loss: 2.2577157020568848 -- loss-avg: 2.2784008979797363 -- accuracy: 0
time  157 sec :::RANK 4 ::: TRAIN -- epoch: 0 -- batch_index: 43 -- total: 78 -- loss: 2.2354772090911865 -- loss-avg: 2.257517099380493 -- accuracy: 48
time  159 sec :::RANK 4 ::: TRAIN -- epoch: 0 -- batch_index: 44 -- total: 78 -- loss: 2.235883951187134 -- loss-avg: 2.2570364475250244 -- accuracy: 48
time  159 sec :::RANK 3 ::: TRAIN -- epoch: 0 -- batch_index: 44 -- total: 78 -- loss: 2.2449162006378174 -- loss-avg: 2.2694387435913086 -- accuracy: 0
time  159 sec :::RANK 1 ::: TRAIN -- epoch: 0 -- batch_index: 44 -- total: 78 -- loss: 2.257478952407837 -- loss-avg: 2.2772345542907715 -- accuracy: 0
time  159 sec :::RANK 2 ::: TRAIN -- epoch: 0 -- batch_index: 44 -- total: 78 -- loss: 2.257319688796997 -- loss-avg: 2.2779324054718018 -- accuracy: 0
time  160 sec :::RANK 2 ::: TRAIN -- epoch: 0 -- batch_index: 45 -- total: 78 -- loss: 2.2564024925231934 -- loss-avg: 2.2774643898010254 -- accuracy: 0
time  160 sec :::RANK 1 ::: TRAIN -- epoch: 0 -- batch_index: 45 -- total: 78 -- loss: 2.256793260574341 -- loss-avg: 2.276790142059326 -- accuracy: 0
time  160 sec :::RANK 4 ::: TRAIN -- epoch: 0 -- batch_index: 45 -- total: 78 -- loss: 2.2321674823760986 -- loss-avg: 2.256495714187622 -- accuracy: 48
time  160 sec :::RANK 3 ::: TRAIN -- epoch: 0 -- batch_index: 45 -- total: 78 -- loss: 2.2436463832855225 -- loss-avg: 2.2688779830932617 -- accuracy: 0
time  164 sec :::RANK 4 ::: TRAIN -- epoch: 0 -- batch_index: 46 -- total: 78 -- loss: 2.2345592975616455 -- loss-avg: 2.256028890609741 -- accuracy: 48
time  164 sec :::RANK 2 ::: TRAIN -- epoch: 0 -- batch_index: 46 -- total: 78 -- loss: 2.2571663856506348 -- loss-avg: 2.2770323753356934 -- accuracy: 0
time  164 sec :::RANK 3 ::: TRAIN -- epoch: 0 -- batch_index: 46 -- total: 78 -- loss: 2.238837718963623 -- loss-avg: 2.2682387828826904 -- accuracy: 0
time  164 sec :::RANK 1 ::: TRAIN -- epoch: 0 -- batch_index: 46 -- total: 78 -- loss: 2.2586185932159424 -- loss-avg: 2.2764036655426025 -- accuracy: 0
time  168 sec :::RANK 1 ::: TRAIN -- epoch: 0 -- batch_index: 47 -- total: 78 -- loss: 2.257376194000244 -- loss-avg: 2.2760071754455566 -- accuracy: 0
time  168 sec :::RANK 2 ::: TRAIN -- epoch: 0 -- batch_index: 47 -- total: 78 -- loss: 2.2546563148498535 -- loss-avg: 2.27656626701355 -- accuracy: 0
time  168 sec :::RANK 3 ::: TRAIN -- epoch: 0 -- batch_index: 47 -- total: 78 -- loss: 2.25081205368042 -- loss-avg: 2.2678756713867188 -- accuracy: 0
time  168 sec :::RANK 4 ::: TRAIN -- epoch: 0 -- batch_index: 47 -- total: 78 -- loss: 2.2297520637512207 -- loss-avg: 2.255481481552124 -- accuracy: 49
time  171 sec :::RANK 2 ::: TRAIN -- epoch: 0 -- batch_index: 48 -- total: 78 -- loss: 2.2525157928466797 -- loss-avg: 2.2760753631591797 -- accuracy: 0
time  171 sec :::RANK 3 ::: TRAIN -- epoch: 0 -- batch_index: 48 -- total: 78 -- loss: 2.242689847946167 -- loss-avg: 2.267361640930176 -- accuracy: 0
time  171 sec :::RANK 1 ::: TRAIN -- epoch: 0 -- batch_index: 48 -- total: 78 -- loss: 2.2540130615234375 -- loss-avg: 2.2755582332611084 -- accuracy: 0
time  171 sec :::RANK 4 ::: TRAIN -- epoch: 0 -- batch_index: 48 -- total: 78 -- loss: 2.2309632301330566 -- loss-avg: 2.254981279373169 -- accuracy: 49
time  175 sec :::RANK 4 ::: TRAIN -- epoch: 0 -- batch_index: 49 -- total: 78 -- loss: 2.2297449111938477 -- loss-avg: 2.254476547241211 -- accuracy: 49
time  175 sec :::RANK 3 ::: TRAIN -- epoch: 0 -- batch_index: 49 -- total: 78 -- loss: 2.2407305240631104 -- loss-avg: 2.266829013824463 -- accuracy: 0
time  175 sec :::RANK 2 ::: TRAIN -- epoch: 0 -- batch_index: 49 -- total: 78 -- loss: 2.2521417140960693 -- loss-avg: 2.275596857070923 -- accuracy: 0
time  175 sec :::RANK 1 ::: TRAIN -- epoch: 0 -- batch_index: 49 -- total: 78 -- loss: 2.253861427307129 -- loss-avg: 2.2751243114471436 -- accuracy: 0
time  179 sec :::RANK 1 ::: TRAIN -- epoch: 0 -- batch_index: 50 -- total: 78 -- loss: 2.2540481090545654 -- loss-avg: 2.2747111320495605 -- accuracy: 0
time  179 sec :::RANK 4 ::: TRAIN -- epoch: 0 -- batch_index: 50 -- total: 78 -- loss: 2.2292566299438477 -- loss-avg: 2.253981828689575 -- accuracy: 49
time  179 sec :::RANK 3 ::: TRAIN -- epoch: 0 -- batch_index: 50 -- total: 78 -- loss: 2.240485668182373 -- loss-avg: 2.266312599182129 -- accuracy: 0
time  179 sec :::RANK 2 ::: TRAIN -- epoch: 0 -- batch_index: 50 -- total: 78 -- loss: 2.2513484954833984 -- loss-avg: 2.2751214504241943 -- accuracy: 0
time  183 sec :::RANK 3 ::: TRAIN -- epoch: 0 -- batch_index: 51 -- total: 78 -- loss: 2.2385411262512207 -- loss-avg: 2.2657785415649414 -- accuracy: 0
time  183 sec :::RANK 2 ::: TRAIN -- epoch: 0 -- batch_index: 51 -- total: 78 -- loss: 2.2521278858184814 -- loss-avg: 2.274679183959961 -- accuracy: 0
time  183 sec :::RANK 4 ::: TRAIN -- epoch: 0 -- batch_index: 51 -- total: 78 -- loss: 2.2310471534729004 -- loss-avg: 2.2535409927368164 -- accuracy: 49
time  183 sec :::RANK 1 ::: TRAIN -- epoch: 0 -- batch_index: 51 -- total: 78 -- loss: 2.2508723735809326 -- loss-avg: 2.2742526531219482 -- accuracy: 0
time  184 sec :::RANK 3 ::: TRAIN -- epoch: 0 -- batch_index: 52 -- total: 78 -- loss: 2.243194580078125 -- loss-avg: 2.265352249145508 -- accuracy: 0
time  184 sec :::RANK 1 ::: TRAIN -- epoch: 0 -- batch_index: 52 -- total: 78 -- loss: 2.2514455318450928 -- loss-avg: 2.27382230758667 -- accuracy: 0
time  184 sec :::RANK 4 ::: TRAIN -- epoch: 0 -- batch_index: 52 -- total: 78 -- loss: 2.233741521835327 -- loss-avg: 2.2531673908233643 -- accuracy: 49
time  184 sec :::RANK 2 ::: TRAIN -- epoch: 0 -- batch_index: 52 -- total: 78 -- loss: 2.2498340606689453 -- loss-avg: 2.2742104530334473 -- accuracy: 0
time  186 sec :::RANK 2 ::: TRAIN -- epoch: 0 -- batch_index: 53 -- total: 78 -- loss: 2.248919725418091 -- loss-avg: 2.2737419605255127 -- accuracy: 0
time  186 sec :::RANK 4 ::: TRAIN -- epoch: 0 -- batch_index: 53 -- total: 78 -- loss: 2.2290103435516357 -- loss-avg: 2.2527201175689697 -- accuracy: 49
time  186 sec :::RANK 3 ::: TRAIN -- epoch: 0 -- batch_index: 53 -- total: 78 -- loss: 2.2418570518493652 -- loss-avg: 2.2649173736572266 -- accuracy: 0
time  186 sec :::RANK 1 ::: TRAIN -- epoch: 0 -- batch_index: 53 -- total: 78 -- loss: 2.2513272762298584 -- loss-avg: 2.2734057903289795 -- accuracy: 0
time  188 sec :::RANK 4 ::: TRAIN -- epoch: 0 -- batch_index: 54 -- total: 78 -- loss: 2.2238643169403076 -- loss-avg: 2.252195358276367 -- accuracy: 49
time  188 sec :::RANK 3 ::: TRAIN -- epoch: 0 -- batch_index: 54 -- total: 78 -- loss: 2.2427706718444824 -- loss-avg: 2.264514684677124 -- accuracy: 0
time  188 sec :::RANK 1 ::: TRAIN -- epoch: 0 -- batch_index: 54 -- total: 78 -- loss: 2.2485570907592773 -- loss-avg: 2.272953987121582 -- accuracy: 0
time  188 sec :::RANK 2 ::: TRAIN -- epoch: 0 -- batch_index: 54 -- total: 78 -- loss: 2.249427080154419 -- loss-avg: 2.2732999324798584 -- accuracy: 0
time  192 sec :::RANK 2 ::: TRAIN -- epoch: 0 -- batch_index: 55 -- total: 78 -- loss: 2.248594045639038 -- loss-avg: 2.2728588581085205 -- accuracy: 0
time  192 sec :::RANK 4 ::: TRAIN -- epoch: 0 -- batch_index: 55 -- total: 78 -- loss: 2.2278194427490234 -- loss-avg: 2.2517600059509277 -- accuracy: 49
time  192 sec :::RANK 1 ::: TRAIN -- epoch: 0 -- batch_index: 55 -- total: 78 -- loss: 2.248112201690674 -- loss-avg: 2.272510290145874 -- accuracy: 0
time  192 sec :::RANK 3 ::: TRAIN -- epoch: 0 -- batch_index: 55 -- total: 78 -- loss: 2.240710735321045 -- loss-avg: 2.264089345932007 -- accuracy: 0
time  193 sec :::RANK 3 ::: TRAIN -- epoch: 0 -- batch_index: 56 -- total: 78 -- loss: 2.2388665676116943 -- loss-avg: 2.2636470794677734 -- accuracy: 0
time  193 sec :::RANK 4 ::: TRAIN -- epoch: 0 -- batch_index: 56 -- total: 78 -- loss: 2.2254064083099365 -- loss-avg: 2.25129771232605 -- accuracy: 49
time  193 sec :::RANK 2 ::: TRAIN -- epoch: 0 -- batch_index: 56 -- total: 78 -- loss: 2.2486226558685303 -- loss-avg: 2.2724335193634033 -- accuracy: 0
time  193 sec :::RANK 1 ::: TRAIN -- epoch: 0 -- batch_index: 56 -- total: 78 -- loss: 2.2476813793182373 -- loss-avg: 2.2720749378204346 -- accuracy: 0
time  195 sec :::RANK 1 ::: TRAIN -- epoch: 0 -- batch_index: 57 -- total: 78 -- loss: 2.2494466304779053 -- loss-avg: 2.2716848850250244 -- accuracy: 0
time  195 sec :::RANK 3 ::: TRAIN -- epoch: 0 -- batch_index: 57 -- total: 78 -- loss: 2.2355082035064697 -- loss-avg: 2.2631616592407227 -- accuracy: 0
time  195 sec :::RANK 4 ::: TRAIN -- epoch: 0 -- batch_index: 57 -- total: 78 -- loss: 2.226663589477539 -- loss-avg: 2.25087308883667 -- accuracy: 49
time  195 sec :::RANK 2 ::: TRAIN -- epoch: 0 -- batch_index: 57 -- total: 78 -- loss: 2.246757745742798 -- loss-avg: 2.271991014480591 -- accuracy: 0
time  197 sec :::RANK 4 ::: TRAIN -- epoch: 0 -- batch_index: 58 -- total: 78 -- loss: 2.22719407081604 -- loss-avg: 2.250471830368042 -- accuracy: 49
time  197 sec :::RANK 2 ::: TRAIN -- epoch: 0 -- batch_index: 58 -- total: 78 -- loss: 2.2445616722106934 -- loss-avg: 2.271526336669922 -- accuracy: 0
time  197 sec :::RANK 1 ::: TRAIN -- epoch: 0 -- batch_index: 58 -- total: 78 -- loss: 2.2469911575317383 -- loss-avg: 2.271266460418701 -- accuracy: 0
time  197 sec :::RANK 3 ::: TRAIN -- epoch: 0 -- batch_index: 58 -- total: 78 -- loss: 2.2373199462890625 -- loss-avg: 2.262723684310913 -- accuracy: 0
time  198 sec :::RANK 4 ::: TRAIN -- epoch: 0 -- batch_index: 59 -- total: 78 -- loss: 2.226672410964966 -- loss-avg: 2.250075101852417 -- accuracy: 48
time  198 sec :::RANK 1 ::: TRAIN -- epoch: 0 -- batch_index: 59 -- total: 78 -- loss: 2.2473196983337402 -- loss-avg: 2.270867109298706 -- accuracy: 0
time  199 sec :::RANK 2 ::: TRAIN -- epoch: 0 -- batch_index: 59 -- total: 78 -- loss: 2.2456157207489014 -- loss-avg: 2.271094560623169 -- accuracy: 0
time  199 sec :::RANK 3 ::: TRAIN -- epoch: 0 -- batch_index: 59 -- total: 78 -- loss: 2.2345359325408936 -- loss-avg: 2.262253999710083 -- accuracy: 0
time  200 sec :::RANK 2 ::: TRAIN -- epoch: 0 -- batch_index: 60 -- total: 78 -- loss: 2.2427003383636475 -- loss-avg: 2.2706291675567627 -- accuracy: 0
time  200 sec :::RANK 1 ::: TRAIN -- epoch: 0 -- batch_index: 60 -- total: 78 -- loss: 2.2450366020202637 -- loss-avg: 2.2704436779022217 -- accuracy: 0
time  200 sec :::RANK 3 ::: TRAIN -- epoch: 0 -- batch_index: 60 -- total: 78 -- loss: 2.2365572452545166 -- loss-avg: 2.2618327140808105 -- accuracy: 0
time  200 sec :::RANK 4 ::: TRAIN -- epoch: 0 -- batch_index: 60 -- total: 78 -- loss: 2.2207376956939697 -- loss-avg: 2.24959397315979 -- accuracy: 49
time  202 sec :::RANK 1 ::: TRAIN -- epoch: 0 -- batch_index: 61 -- total: 78 -- loss: 2.2439124584198 -- loss-avg: 2.2700159549713135 -- accuracy: 0
time  202 sec :::RANK 4 ::: TRAIN -- epoch: 0 -- batch_index: 61 -- total: 78 -- loss: 2.221449851989746 -- loss-avg: 2.2491400241851807 -- accuracy: 49
time  202 sec :::RANK 3 ::: TRAIN -- epoch: 0 -- batch_index: 61 -- total: 78 -- loss: 2.2345621585845947 -- loss-avg: 2.261392831802368 -- accuracy: 0
time  202 sec :::RANK 2 ::: TRAIN -- epoch: 0 -- batch_index: 61 -- total: 78 -- loss: 2.243425130844116 -- loss-avg: 2.2701902389526367 -- accuracy: 0
time  204 sec :::RANK 4 ::: TRAIN -- epoch: 0 -- batch_index: 62 -- total: 78 -- loss: 2.2221686840057373 -- loss-avg: 2.2487120628356934 -- accuracy: 49
time  204 sec :::RANK 1 ::: TRAIN -- epoch: 0 -- batch_index: 62 -- total: 78 -- loss: 2.244798421859741 -- loss-avg: 2.269615650177002 -- accuracy: 0
time  204 sec :::RANK 3 ::: TRAIN -- epoch: 0 -- batch_index: 62 -- total: 78 -- loss: 2.2326536178588867 -- loss-avg: 2.260936737060547 -- accuracy: 0
time  204 sec :::RANK 2 ::: TRAIN -- epoch: 0 -- batch_index: 62 -- total: 78 -- loss: 2.2418301105499268 -- loss-avg: 2.269740343093872 -- accuracy: 0
time  208 sec :::RANK 3 ::: TRAIN -- epoch: 0 -- batch_index: 63 -- total: 78 -- loss: 2.2268033027648926 -- loss-avg: 2.2604033946990967 -- accuracy: 0
time  208 sec :::RANK 2 ::: TRAIN -- epoch: 0 -- batch_index: 63 -- total: 78 -- loss: 2.2412779331207275 -- loss-avg: 2.2692954540252686 -- accuracy: 0
time  208 sec :::RANK 4 ::: TRAIN -- epoch: 0 -- batch_index: 63 -- total: 78 -- loss: 2.2231857776641846 -- loss-avg: 2.2483131885528564 -- accuracy: 49
time  208 sec :::RANK 1 ::: TRAIN -- epoch: 0 -- batch_index: 63 -- total: 78 -- loss: 2.242286443710327 -- loss-avg: 2.269188404083252 -- accuracy: 0
time  210 sec :::RANK 3 ::: TRAIN -- epoch: 0 -- batch_index: 64 -- total: 78 -- loss: 2.2302393913269043 -- loss-avg: 2.259939432144165 -- accuracy: 0
time  210 sec :::RANK 2 ::: TRAIN -- epoch: 0 -- batch_index: 64 -- total: 78 -- loss: 2.2401020526885986 -- loss-avg: 2.268846273422241 -- accuracy: 0
time  210 sec :::RANK 4 ::: TRAIN -- epoch: 0 -- batch_index: 64 -- total: 78 -- loss: 2.2179059982299805 -- loss-avg: 2.247845411300659 -- accuracy: 49
time  210 sec :::RANK 1 ::: TRAIN -- epoch: 0 -- batch_index: 64 -- total: 78 -- loss: 2.241088390350342 -- loss-avg: 2.268756151199341 -- accuracy: 0
time  213 sec :::RANK 1 ::: TRAIN -- epoch: 0 -- batch_index: 65 -- total: 78 -- loss: 2.2412543296813965 -- loss-avg: 2.2683393955230713 -- accuracy: 0
time  213 sec :::RANK 2 ::: TRAIN -- epoch: 0 -- batch_index: 65 -- total: 78 -- loss: 2.240328311920166 -- loss-avg: 2.26841402053833 -- accuracy: 0
time  213 sec :::RANK 4 ::: TRAIN -- epoch: 0 -- batch_index: 65 -- total: 78 -- loss: 2.217508316040039 -- loss-avg: 2.2473859786987305 -- accuracy: 49
time  213 sec :::RANK 3 ::: TRAIN -- epoch: 0 -- batch_index: 65 -- total: 78 -- loss: 2.2315282821655273 -- loss-avg: 2.2595088481903076 -- accuracy: 0
time  220 sec :::RANK 3 ::: TRAIN -- epoch: 0 -- batch_index: 66 -- total: 78 -- loss: 2.2361040115356445 -- loss-avg: 2.2591593265533447 -- accuracy: 0
time  220 sec :::RANK 1 ::: TRAIN -- epoch: 0 -- batch_index: 66 -- total: 78 -- loss: 2.2413387298583984 -- loss-avg: 2.2679364681243896 -- accuracy: 0
time  220 sec :::RANK 4 ::: TRAIN -- epoch: 0 -- batch_index: 66 -- total: 78 -- loss: 2.2189481258392334 -- loss-avg: 2.2469613552093506 -- accuracy: 49
time  220 sec :::RANK 2 ::: TRAIN -- epoch: 0 -- batch_index: 66 -- total: 78 -- loss: 2.2402608394622803 -- loss-avg: 2.267993927001953 -- accuracy: 0
time  222 sec :::RANK 4 ::: TRAIN -- epoch: 0 -- batch_index: 67 -- total: 78 -- loss: 2.2181899547576904 -- loss-avg: 2.2465381622314453 -- accuracy: 49
time  222 sec :::RANK 2 ::: TRAIN -- epoch: 0 -- batch_index: 67 -- total: 78 -- loss: 2.238577365875244 -- loss-avg: 2.267561197280884 -- accuracy: 0
time  222 sec :::RANK 1 ::: TRAIN -- epoch: 0 -- batch_index: 67 -- total: 78 -- loss: 2.2391512393951416 -- loss-avg: 2.2675130367279053 -- accuracy: 0
time  222 sec :::RANK 3 ::: TRAIN -- epoch: 0 -- batch_index: 67 -- total: 78 -- loss: 2.229480743408203 -- loss-avg: 2.2587227821350098 -- accuracy: 0
time  224 sec :::RANK 3 ::: TRAIN -- epoch: 0 -- batch_index: 68 -- total: 78 -- loss: 2.2282962799072266 -- loss-avg: 2.258281946182251 -- accuracy: 0
time  224 sec :::RANK 1 ::: TRAIN -- epoch: 0 -- batch_index: 68 -- total: 78 -- loss: 2.2395832538604736 -- loss-avg: 2.267108201980591 -- accuracy: 0
time  224 sec :::RANK 2 ::: TRAIN -- epoch: 0 -- batch_index: 68 -- total: 78 -- loss: 2.2380247116088867 -- loss-avg: 2.2671332359313965 -- accuracy: 0
time  224 sec :::RANK 4 ::: TRAIN -- epoch: 0 -- batch_index: 68 -- total: 78 -- loss: 2.216492176055908 -- loss-avg: 2.246102809906006 -- accuracy: 49
time  228 sec :::RANK 2 ::: TRAIN -- epoch: 0 -- batch_index: 69 -- total: 78 -- loss: 2.237215042114258 -- loss-avg: 2.2667057514190674 -- accuracy: 0
time  228 sec :::RANK 4 ::: TRAIN -- epoch: 0 -- batch_index: 69 -- total: 78 -- loss: 2.2156612873077393 -- loss-avg: 2.2456679344177246 -- accuracy: 49
time  228 sec :::RANK 3 ::: TRAIN -- epoch: 0 -- batch_index: 69 -- total: 78 -- loss: 2.2275969982147217 -- loss-avg: 2.2578437328338623 -- accuracy: 0
time  228 sec :::RANK 1 ::: TRAIN -- epoch: 0 -- batch_index: 69 -- total: 78 -- loss: 2.2404134273529053 -- loss-avg: 2.2667269706726074 -- accuracy: 0
time  235 sec :::RANK 1 ::: TRAIN -- epoch: 0 -- batch_index: 70 -- total: 78 -- loss: 2.238694906234741 -- loss-avg: 2.2663321495056152 -- accuracy: 0
time  235 sec :::RANK 2 ::: TRAIN -- epoch: 0 -- batch_index: 70 -- total: 78 -- loss: 2.2367353439331055 -- loss-avg: 2.2662837505340576 -- accuracy: 0
time  235 sec :::RANK 4 ::: TRAIN -- epoch: 0 -- batch_index: 70 -- total: 78 -- loss: 2.214724063873291 -- loss-avg: 2.245232105255127 -- accuracy: 49
time  235 sec :::RANK 3 ::: TRAIN -- epoch: 0 -- batch_index: 70 -- total: 78 -- loss: 2.2287254333496094 -- loss-avg: 2.2574336528778076 -- accuracy: 0
time  237 sec :::RANK 3 ::: TRAIN -- epoch: 0 -- batch_index: 71 -- total: 78 -- loss: 2.2301077842712402 -- loss-avg: 2.257054090499878 -- accuracy: 0
time  237 sec :::RANK 2 ::: TRAIN -- epoch: 0 -- batch_index: 71 -- total: 78 -- loss: 2.236302614212036 -- loss-avg: 2.265867233276367 -- accuracy: 0
time  237 sec :::RANK 1 ::: TRAIN -- epoch: 0 -- batch_index: 71 -- total: 78 -- loss: 2.2368080615997314 -- loss-avg: 2.2659218311309814 -- accuracy: 0
time  237 sec :::RANK 4 ::: TRAIN -- epoch: 0 -- batch_index: 71 -- total: 78 -- loss: 2.217585325241089 -- loss-avg: 2.2448482513427734 -- accuracy: 49
time  240 sec :::RANK 2 ::: TRAIN -- epoch: 0 -- batch_index: 72 -- total: 78 -- loss: 2.2345283031463623 -- loss-avg: 2.2654378414154053 -- accuracy: 0
time  240 sec :::RANK 1 ::: TRAIN -- epoch: 0 -- batch_index: 72 -- total: 78 -- loss: 2.236814498901367 -- loss-avg: 2.2655231952667236 -- accuracy: 0
time  240 sec :::RANK 3 ::: TRAIN -- epoch: 0 -- batch_index: 72 -- total: 78 -- loss: 2.226656198501587 -- loss-avg: 2.2566375732421875 -- accuracy: 0
time  240 sec :::RANK 4 ::: TRAIN -- epoch: 0 -- batch_index: 72 -- total: 78 -- loss: 2.2148020267486572 -- loss-avg: 2.244436502456665 -- accuracy: 49
time  244 sec :::RANK 1 ::: TRAIN -- epoch: 0 -- batch_index: 73 -- total: 78 -- loss: 2.236579418182373 -- loss-avg: 2.265131950378418 -- accuracy: 0
time  244 sec :::RANK 3 ::: TRAIN -- epoch: 0 -- batch_index: 73 -- total: 78 -- loss: 2.227229118347168 -- loss-avg: 2.256240129470825 -- accuracy: 0
time  244 sec :::RANK 2 ::: TRAIN -- epoch: 0 -- batch_index: 73 -- total: 78 -- loss: 2.233346462249756 -- loss-avg: 2.2650043964385986 -- accuracy: 0
time  244 sec :::RANK 4 ::: TRAIN -- epoch: 0 -- batch_index: 73 -- total: 78 -- loss: 2.214766025543213 -- loss-avg: 2.2440357208251953 -- accuracy: 49
time  245 sec :::RANK 4 ::: TRAIN -- epoch: 0 -- batch_index: 74 -- total: 78 -- loss: 2.210994243621826 -- loss-avg: 2.2435951232910156 -- accuracy: 49
time  245 sec :::RANK 3 ::: TRAIN -- epoch: 0 -- batch_index: 74 -- total: 78 -- loss: 2.2192771434783936 -- loss-avg: 2.2557475566864014 -- accuracy: 0
time  245 sec :::RANK 2 ::: TRAIN -- epoch: 0 -- batch_index: 74 -- total: 78 -- loss: 2.23274302482605 -- loss-avg: 2.2645742893218994 -- accuracy: 0
time  245 sec :::RANK 1 ::: TRAIN -- epoch: 0 -- batch_index: 74 -- total: 78 -- loss: 2.2340750694274902 -- loss-avg: 2.2647178173065186 -- accuracy: 0
time  249 sec :::RANK 1 ::: TRAIN -- epoch: 0 -- batch_index: 75 -- total: 78 -- loss: 2.235297679901123 -- loss-avg: 2.2643306255340576 -- accuracy: 0
time  249 sec :::RANK 2 ::: TRAIN -- epoch: 0 -- batch_index: 75 -- total: 78 -- loss: 2.2337734699249268 -- loss-avg: 2.2641689777374268 -- accuracy: 0
time  249 sec :::RANK 4 ::: TRAIN -- epoch: 0 -- batch_index: 75 -- total: 78 -- loss: 2.2134459018707275 -- loss-avg: 2.2431983947753906 -- accuracy: 49
time  249 sec :::RANK 3 ::: TRAIN -- epoch: 0 -- batch_index: 75 -- total: 78 -- loss: 2.2226107120513916 -- loss-avg: 2.2553114891052246 -- accuracy: 0
time  252 sec :::RANK 3 ::: TRAIN -- epoch: 0 -- batch_index: 76 -- total: 78 -- loss: 2.2218563556671143 -- loss-avg: 2.2548770904541016 -- accuracy: 0
time  252 sec :::RANK 4 ::: TRAIN -- epoch: 0 -- batch_index: 76 -- total: 78 -- loss: 2.2124359607696533 -- loss-avg: 2.2427988052368164 -- accuracy: 49
time  252 sec :::RANK 2 ::: TRAIN -- epoch: 0 -- batch_index: 76 -- total: 78 -- loss: 2.232668161392212 -- loss-avg: 2.2637598514556885 -- accuracy: 0
time  252 sec :::RANK 1 ::: TRAIN -- epoch: 0 -- batch_index: 76 -- total: 78 -- loss: 2.2332887649536133 -- loss-avg: 2.263927459716797 -- accuracy: 0
time  253 sec :::RANK 1 ::: TRAIN -- epoch: 0 -- batch_index: 77 -- total: 78 -- loss: 2.231998920440674 -- loss-avg: 2.2635180950164795 -- accuracy: 0
time  253 sec :::RANK 3 ::: TRAIN -- epoch: 0 -- batch_index: 77 -- total: 78 -- loss: 2.2228386402130127 -- loss-avg: 2.2544662952423096 -- accuracy: 0
time  253 sec :::RANK 4 ::: TRAIN -- epoch: 0 -- batch_index: 77 -- total: 78 -- loss: 2.209503650665283 -- loss-avg: 2.2423720359802246 -- accuracy: 49
time  253 sec :::RANK 2 ::: TRAIN -- epoch: 0 -- batch_index: 77 -- total: 78 -- loss: 2.231776475906372 -- loss-avg: 2.263349771499634 -- accuracy: 0
